-> GET /sso/Login?forwardTo=22&RL=1&ip2loc=US
<- 200 GET /sso/Login?forwardTo=22&RL=1&ip2loc=US
-> GET /css/bootstrap-5.2.2/bootstrap.min.css
-> GET /css/fontawesome-6.4.2/all.min.css
<- 200 GET /css/bootstrap-5.2.2/bootstrap.min.css
<- 200 GET /css/fontawesome-6.4.2/all.min.css
-> GET /css/reg-am/login.min.css
-> GET /css/ibkr/theme-ibkr-portal.min.css
-> GET /css/bootstrap-switch-3.3.2/bootstrap-switch.min.css
-> GET /scripts/common/js/jquery-3.7.0/jquery.min.js
-> GET /scripts/common/js/bootstrap-5.2.2/bootstrap.bundle.min.js
-> GET /sso/lib/xyz.bundle.min.js
<- 200 GET /css/reg-am/login.min.css
<- 200 GET /css/ibkr/theme-ibkr-portal.min.css
<- 200 GET /css/bootstrap-switch-3.3.2/bootstrap-switch.min.css
<- 200 GET /scripts/common/js/jquery-3.7.0/jquery.min.js
<- 200 GET /scripts/common/js/bootstrap-5.2.2/bootstrap.bundle.min.js
<- 200 GET /sso/lib/xyz.bundle.min.js
-> GET /images/common/logos/ibkr/interactive-brokers.svg
-> GET /fonts/proxima-nova/Proxima-Nova-Regular.woff2
-> GET /fonts/fontawesome-6.4.2/webfonts/fa-solid-900.woff2
-> GET /fonts/fontawesome-6.4.2/webfonts/fa-brands-400.woff2
-> GET /fonts/proxima-nova/Proxima-Nova-Semibold.woff2
<- 200 GET /images/common/logos/ibkr/interactive-brokers.svg
-> POST /sso/report
-> POST /portal.proxy/v1/gstat/bulletins
<- 200 GET /fonts/proxima-nova/Proxima-Nova-Regular.woff2
<- 200 GET /fonts/fontawesome-6.4.2/webfonts/fa-brands-400.woff2
<- 200 GET /fonts/proxima-nova/Proxima-Nova-Semibold.woff2
<- 200 GET /fonts/fontawesome-6.4.2/webfonts/fa-solid-900.woff2
-> GET /images/web/favicons/home-screen-icon-128x128.png
<- 200 GET /images/web/favicons/home-screen-icon-128x128.png
<- 204 POST /portal.proxy/v1/gstat/bulletins
<- 200 POST /sso/report
-> POST /sso/Authenticator
<- 200 POST /sso/Authenticator
-> POST /sso/Authenticator
<- 200 POST /sso/Authenticator
-> POST /sso/Authenticator
<- 200 POST /sso/Authenticator
-> POST /sso/Authenticator
<- 200 POST /sso/Authenticator
-> POST /sso/Authenticator
<- 200 POST /sso/Authenticator
-> POST /sso/Authenticator
<- 200 POST /sso/Authenticator
-> POST /sso/Authenticator
<- 200 POST /sso/Authenticator
-> GET /fonts/proxima-nova/proximanova-extrabold.woff2
<- 200 GET /fonts/proxima-nova/proximanova-extrabold.woff2
-> POST /sso/Authenticator
<- 200 POST /sso/Authenticator
-> POST /sso/Authenticator
<- 200 POST /sso/Authenticator
-> POST /sso/Authenticator
<- 200 POST /sso/Authenticator
-> POST /sso/Authenticator
<- 200 POST /sso/Authenticator
-> POST /sso/Authenticator
<- 200 POST /sso/Authenticator
-> POST /sso/Authenticator
<- 200 POST /sso/Authenticator
-> POST /sso/Dispatcher
<- 302 POST /sso/Dispatcher
-> request: /v1/api/sso/validate?gw=1
-> GET /v1/api/sso/validate?gw=1,200|738ms
-> request: /v1/api/one/user
-> request: /v1/api/ssodh/init
-> sso GET https://api.ibkr.com/v1/api/ssodh/init
-> GET /v1/api/one/user,200|720ms
-> request: /v1/api/ssodh/st
-> sso GET https://api.ibkr.com/v1/api/ssodh/st
-> request: /sso/Authenticator?ACTION=PUBLISH_TST&RESP_TYPE=JSON&DEVICE_ID=0b736461|D8-5E-D3-A9-3A-EB
-> sso GET https://api.ibkr.com/sso/Authenticator?ACTION=PUBLISH_TST&RESP_TYPE=JSON&DEVICE_ID=0b736461|D8-5E-D3-A9-3A-EB
<- 200 GET https://api.ibkr.com/sso/Authenticator?ACTION=PUBLISH_TST&RESP_TYPE=JSON&DEVICE_ID=0b736461|D8-5E-D3-A9-3A-EB 0
-> request: /v1/api/iserver/auth/status
-> GET /v1/api/iserver/auth/status,200|497ms
-> request: /v1/api/iserver/auth/ssodh/init
-> POST https://api.ibkr.com/v1/api/iserver/auth/ssodh/init,200|2020ms
-> request: /v1/api/iserver/accounts
-> GET /v1/api/iserver/accounts,200|474ms
-> request: /v1/api/tickle
-> GET /v1/api/tickle,200|485ms
-> GET /v1/api/portfolio/accounts
<- 200 GET /v1/api/portfolio/accounts
-> GET /v1/api/portfolio/U9335313/positions/0
<- 200 GET /v1/api/portfolio/U9335313/positions/0
-> request: /v1/api/tickle
-> GET /v1/api/tickle,200|491ms
-> request: /v1/api/sso/validate?gw=1
-> request: /v1/api/sso/validate?gw=1
-> GET /v1/api/sso/validate?gw=1,200|481ms
-> request: /v1/api/one/user
-> request: /v1/api/ssodh/init
-> sso GET https://api.ibkr.com/v1/api/ssodh/init
-> GET /v1/api/sso/validate?gw=1,200|484ms
-> request: /v1/api/one/user
-> request: /v1/api/ssodh/init
-> sso GET https://api.ibkr.com/v1/api/ssodh/init
-> GET /v1/api/one/user,200|486ms
-> GET /v1/api/one/user,200|484ms
-> request: /sso/ping
-> GET /sso/ping,200|875ms
-> request: /sso/ping
-> GET /sso/ping,200|879ms
-> request: /sso/ping
-> GET /sso/ping,200|878ms
-> request: /sso/ping
-> GET /sso/ping,200|869ms
-> GET /v1/api/portfolio/accounts
<- 200 GET /v1/api/portfolio/accounts
-> GET /v1/api/portfolio/U9335313/positions/0
<- 200 GET /v1/api/portfolio/U9335313/positions/0
-> GET /sso/Login?forwardTo=22&RL=1&ip2loc=US
<- 200 GET /sso/Login?forwardTo=22&RL=1&ip2loc=US
-> GET /css/bootstrap-5.2.2/bootstrap.min.css
-> GET /css/fontawesome-6.4.2/all.min.css
<- 200 GET /css/fontawesome-6.4.2/all.min.css
-> GET /css/reg-am/login.min.css
<- 200 GET /css/bootstrap-5.2.2/bootstrap.min.css
-> GET /css/ibkr/theme-ibkr-portal.min.css
-> GET /css/bootstrap-switch-3.3.2/bootstrap-switch.min.css
-> GET /scripts/common/js/jquery-3.7.0/jquery.min.js
-> GET /scripts/common/js/bootstrap-5.2.2/bootstrap.bundle.min.js
-> GET /sso/lib/xyz.bundle.min.js
<- 200 GET /css/reg-am/login.min.css
<- 200 GET /css/ibkr/theme-ibkr-portal.min.css
<- 200 GET /css/bootstrap-switch-3.3.2/bootstrap-switch.min.css
<- 200 GET /scripts/common/js/jquery-3.7.0/jquery.min.js
<- 200 GET /scripts/common/js/bootstrap-5.2.2/bootstrap.bundle.min.js
<- 200 GET /sso/lib/xyz.bundle.min.js
-> GET /images/common/logos/ibkr/interactive-brokers.svg
-> GET /fonts/proxima-nova/Proxima-Nova-Regular.woff2
-> GET /fonts/fontawesome-6.4.2/webfonts/fa-solid-900.woff2
-> GET /fonts/proxima-nova/Proxima-Nova-Semibold.woff2
-> GET /fonts/fontawesome-6.4.2/webfonts/fa-brands-400.woff2
<- 200 GET /images/common/logos/ibkr/interactive-brokers.svg
-> POST /sso/report
-> POST /portal.proxy/v1/gstat/bulletins
<- 200 GET /fonts/fontawesome-6.4.2/webfonts/fa-brands-400.woff2
<- 200 GET /fonts/proxima-nova/Proxima-Nova-Semibold.woff2
<- 200 GET /fonts/proxima-nova/Proxima-Nova-Regular.woff2
<- 200 GET /fonts/fontawesome-6.4.2/webfonts/fa-solid-900.woff2
<- 204 POST /portal.proxy/v1/gstat/bulletins
<- 200 POST /sso/report
-> POST /sso/Authenticator
<- 200 POST /sso/Authenticator
-> POST /sso/Authenticator
<- 200 POST /sso/Authenticator
-> POST /sso/Authenticator
<- 200 POST /sso/Authenticator
-> GET /fonts/proxima-nova/proximanova-extrabold.woff2
<- 200 GET /fonts/proxima-nova/proximanova-extrabold.woff2
-> POST /sso/Authenticator
<- 200 POST /sso/Authenticator
-> POST /sso/Authenticator
<- 200 POST /sso/Authenticator
-> POST /sso/Authenticator
<- 200 POST /sso/Authenticator
-> POST /sso/Authenticator
<- 200 POST /sso/Authenticator
-> POST /sso/Authenticator
<- 200 POST /sso/Authenticator
-> POST /sso/Authenticator
<- 200 POST /sso/Authenticator
-> POST /sso/Authenticator
<- 200 POST /sso/Authenticator
-> POST /sso/Authenticator
-> POST /sso/Authenticator
<- 200 POST /sso/Authenticator
<- 200 POST /sso/Authenticator
-> POST /sso/Authenticator
<- 200 POST /sso/Authenticator
-> POST /sso/Authenticator
<- 200 POST /sso/Authenticator
-> POST /sso/Authenticator
<- 200 POST /sso/Authenticator
-> POST /sso/Authenticator
<- 200 POST /sso/Authenticator
-> POST /sso/Authenticator
<- 200 POST /sso/Authenticator
-> POST /sso/Authenticator
<- 200 POST /sso/Authenticator
-> POST /sso/Authenticator
-> GET /sso/Login?forwardTo=22&RL=1&ip2loc=US
<- 200 POST /sso/Authenticator
<- 200 GET /sso/Login?forwardTo=22&RL=1&ip2loc=US
-> GET /css/reg-am/login.min.css
-> GET /css/ibkr/theme-ibkr-portal.min.css
-> GET /scripts/common/js/bootstrap-5.2.2/bootstrap.bundle.min.js
-> GET /scripts/common/js/jquery-3.7.0/jquery.min.js
-> GET /sso/lib/xyz.bundle.min.js
<- 200 GET /css/reg-am/login.min.css
<- 304 GET /scripts/common/js/jquery-3.7.0/jquery.min.js
<- 304 GET /sso/lib/xyz.bundle.min.js
<- 304 GET /scripts/common/js/bootstrap-5.2.2/bootstrap.bundle.min.js
<- 200 GET /css/ibkr/theme-ibkr-portal.min.css
-> GET /fonts/proxima-nova/Proxima-Nova-Regular.woff2
-> GET /fonts/fontawesome-6.4.2/webfonts/fa-solid-900.woff2
<- 304 GET /fonts/fontawesome-6.4.2/webfonts/fa-solid-900.woff2
<- 304 GET /fonts/proxima-nova/Proxima-Nova-Regular.woff2
-> GET /fonts/proxima-nova/Proxima-Nova-Semibold.woff2
-> GET /fonts/fontawesome-6.4.2/webfonts/fa-brands-400.woff2
-> POST /sso/report
-> POST /portal.proxy/v1/gstat/bulletins
<- 200 GET /fonts/fontawesome-6.4.2/webfonts/fa-brands-400.woff2
<- 304 GET /fonts/proxima-nova/Proxima-Nova-Semibold.woff2
-> GET /images/web/favicons/home-screen-icon-128x128.png
<- 200 GET /images/web/favicons/home-screen-icon-128x128.png
<- 204 POST /portal.proxy/v1/gstat/bulletins
<- 200 POST /sso/report
-> GET /sso/Logout
<- 302 GET /sso/Logout
-> request: /sso/ping
-> GET /sso/ping,200|873ms
-> request: /sso/ping
-> GET /sso/ping,200|883ms
-> request: /sso/ping
-> GET /sso/ping,200|874ms
-> request: /sso/ping
-> GET /sso/ping,200|875ms
-> request: /sso/ping
-> GET /sso/ping,200|874ms
-> request: /sso/ping
-> GET /sso/ping,200|886ms
-> request: /sso/ping
-> GET /sso/ping,200|938ms
-> request: /sso/ping
-> GET /sso/ping,200|876ms
-> request: /sso/ping
-> GET /sso/ping,200|879ms
-> request: /sso/ping
-> GET /sso/ping,200|867ms
-> request: /sso/ping
-> GET /sso/ping,200|869ms
-> request: /sso/ping
-> GET /sso/ping,200|1194ms
-> request: /sso/ping
-> GET /sso/ping,200|888ms
-> request: /sso/ping
-> GET /sso/ping,200|2804ms
-> request: /sso/ping
-> GET /sso/ping,200|884ms
-> request: /sso/ping
-> GET /sso/ping,200|882ms
-> request: /sso/ping
-> GET /sso/ping,200|879ms
-> request: /sso/ping
-> GET /sso/ping,200|876ms
-> request: /sso/ping
-> GET /sso/ping,200|869ms
-> request: /sso/ping
-> GET /sso/ping,200|880ms
-> request: /sso/ping
-> GET /sso/ping,200|929ms
-> request: /sso/ping
-> GET /sso/ping,200|874ms
-> request: /sso/ping
-> GET /sso/ping,200|879ms
-> request: /sso/ping
-> GET /sso/ping,200|1259ms
-> request: /sso/ping
-> GET /sso/ping,200|873ms
-> request: /sso/ping
-> GET /sso/ping,200|877ms
-> request: /sso/ping
-> GET /sso/ping,200|871ms
-> request: /sso/ping
-> GET /sso/ping,200|680ms
-> request: /sso/ping
-> GET /sso/ping,200|874ms
-> request: /sso/ping
-> GET /sso/ping,200|875ms
-> request: /sso/ping
-> GET /sso/ping,200|897ms
-> request: /sso/ping
-> GET /sso/ping,200|884ms
-> request: /sso/ping
-> GET /sso/ping,200|912ms
-> request: /sso/ping
-> GET /sso/ping,200|1745ms
-> request: /sso/ping
-> GET /sso/ping,200|882ms
-> request: /sso/ping
-> GET /sso/ping,200|1122ms
-> request: /sso/ping
-> GET /sso/ping,200|1109ms
-> request: /sso/ping
-> GET /sso/ping,200|1039ms
-> request: /sso/ping
-> GET /sso/ping,200|1051ms
-> request: /sso/ping
-> GET /sso/ping,200|1051ms
-> request: /sso/ping
-> GET /sso/ping,200|1044ms
-> request: /sso/ping
-> GET /sso/ping,200|915ms
-> request: /sso/ping
-> GET /sso/ping,200|873ms
-> request: /sso/ping
-> GET /sso/ping,200|877ms
-> request: /sso/ping
-> GET /sso/ping,200|879ms
-> request: /sso/ping
-> GET /sso/ping,200|875ms
-> request: /sso/ping
-> GET /sso/ping,200|871ms
-> request: /sso/ping
-> GET /sso/ping,200|875ms
-> request: /sso/ping
-> GET /sso/ping,200|868ms
-> request: /sso/ping
-> GET /sso/ping,200|872ms
-> request: /sso/ping
-> GET /sso/ping,200|880ms
-> request: /sso/ping
-> GET /sso/ping,200|877ms
-> request: /sso/ping
-> GET /sso/ping,200|866ms
-> request: /sso/ping
-> GET /sso/ping,200|875ms
-> request: /sso/ping
-> GET /sso/ping,200|881ms
-> request: /sso/ping
-> GET /sso/ping,200|868ms
-> request: /sso/ping
-> GET /sso/ping,200|869ms
-> request: /sso/ping
-> GET /sso/ping,200|698ms
-> GET /v1/api/iserver/auth/status
<- 401 GET /v1/api/iserver/auth/status
-> POST /v1/api/sso/validate
<- 401 POST /v1/api/sso/validate
-> GET /sso/Login?forwardTo=22&RL=1&ip2loc=US
<- 200 GET /sso/Login?forwardTo=22&RL=1&ip2loc=US
-> GET /css/bootstrap-5.2.2/bootstrap.min.css
-> GET /css/fontawesome-6.4.2/all.min.css
-> GET /css/ibkr/theme-ibkr-portal.min.css
-> GET /css/reg-am/login.min.css
<- 200 GET /css/fontawesome-6.4.2/all.min.css
-> GET /css/bootstrap-switch-3.3.2/bootstrap-switch.min.css
<- 200 GET /css/bootstrap-5.2.2/bootstrap.min.css
-> GET /scripts/common/js/jquery-3.7.0/jquery.min.js
-> GET /scripts/common/js/bootstrap-5.2.2/bootstrap.bundle.min.js
-> GET /sso/lib/xyz.bundle.min.js
<- 200 GET /css/reg-am/login.min.css
<- 200 GET /css/bootstrap-switch-3.3.2/bootstrap-switch.min.css
<- 200 GET /css/ibkr/theme-ibkr-portal.min.css
<- 200 GET /scripts/common/js/jquery-3.7.0/jquery.min.js
<- 200 GET /scripts/common/js/bootstrap-5.2.2/bootstrap.bundle.min.js
<- 200 GET /sso/lib/xyz.bundle.min.js
-> GET /images/common/logos/ibkr/interactive-brokers.svg
-> GET /fonts/proxima-nova/Proxima-Nova-Regular.woff2
-> GET /fonts/fontawesome-6.4.2/webfonts/fa-solid-900.woff2
-> GET /fonts/fontawesome-6.4.2/webfonts/fa-brands-400.woff2
-> GET /fonts/proxima-nova/Proxima-Nova-Semibold.woff2
<- 200 GET /images/common/logos/ibkr/interactive-brokers.svg
<- 200 GET /fonts/fontawesome-6.4.2/webfonts/fa-solid-900.woff2
<- 200 GET /fonts/proxima-nova/Proxima-Nova-Semibold.woff2
<- 200 GET /fonts/fontawesome-6.4.2/webfonts/fa-brands-400.woff2
-> POST /sso/report
-> POST /portal.proxy/v1/gstat/bulletins
<- 200 GET /fonts/proxima-nova/Proxima-Nova-Regular.woff2
<- 204 POST /portal.proxy/v1/gstat/bulletins
<- 200 POST /sso/report
-> request: /sso/ping
-> GET /sso/ping,200|917ms
-> request: /sso/ping
-> GET /sso/ping,200|926ms
-> request: /sso/ping
-> GET /sso/ping,200|945ms
-> POST /sso/Authenticator
<- 200 POST /sso/Authenticator
-> POST /sso/Authenticator
<- 200 POST /sso/Authenticator
-> POST /sso/Authenticator
<- 200 POST /sso/Authenticator
-> GET /fonts/proxima-nova/proximanova-extrabold.woff2
<- 200 GET /fonts/proxima-nova/proximanova-extrabold.woff2
-> POST /sso/Authenticator
<- 200 POST /sso/Authenticator
-> POST /sso/Authenticator
<- 200 POST /sso/Authenticator
-> POST /sso/Authenticator
<- 200 POST /sso/Authenticator
-> POST /sso/Authenticator
<- 200 POST /sso/Authenticator
-> POST /sso/Authenticator
<- 200 POST /sso/Authenticator
-> POST /sso/Authenticator
<- 200 POST /sso/Authenticator
-> POST /sso/Authenticator
<- 200 POST /sso/Authenticator
-> POST /sso/Authenticator
<- 200 POST /sso/Authenticator
-> POST /sso/Authenticator
-> request: /sso/ping
<- 200 POST /sso/Authenticator
-> GET /sso/ping,200|966ms
-> POST /sso/Authenticator
<- 200 POST /sso/Authenticator
-> POST /sso/Dispatcher
<- 302 POST /sso/Dispatcher
-> request: /v1/api/sso/validate?gw=1
-> GET /v1/api/sso/validate?gw=1,200|816ms
-> request: /v1/api/one/user
-> request: /v1/api/ssodh/init
-> sso GET https://api.ibkr.com/v1/api/ssodh/init
-> GET /v1/api/one/user,200|795ms
-> request: /v1/api/ssodh/st
-> sso GET https://api.ibkr.com/v1/api/ssodh/st
-> request: /v1/api/iserver/auth/status
-> GET /v1/api/iserver/auth/status,200|543ms
-> request: /v1/api/iserver/auth/ssodh/init
-> POST https://api.ibkr.com/v1/api/iserver/auth/ssodh/init,200|2065ms
-> request: /v1/api/iserver/accounts
-> GET /v1/api/iserver/accounts,200|541ms
-> GET /v1/api/iserver/auth/status
<- 200 GET /v1/api/iserver/auth/status
-> request: /v1/api/tickle
-> GET /v1/api/tickle,200|534ms
-> GET /v1/api/iserver/auth/status
<- 200 GET /v1/api/iserver/auth/status
-> GET /v1/api/iserver/secdef/search?symbol=AAPL&secType=STK&exchange=SMART&currency=USD
<- 200 GET /v1/api/iserver/secdef/search?symbol=AAPL&secType=STK&exchange=SMART&currency=USD
-> GET /v1/api/iserver/marketdata/snapshot?conids=265598&fields=31%2C84%2C85%2C86%2C87%2C88%2C70%2C71%2C72%2C73
<- 200 GET /v1/api/iserver/marketdata/snapshot?conids=265598&fields=31%2C84%2C85%2C86%2C87%2C88%2C70%2C71%2C72%2C73
-> request: /v1/api/tickle
-> GET /v1/api/tickle,200|539ms
-> request: /v1/api/tickle
-> GET /v1/api/tickle,200|528ms
-> request: /v1/api/tickle
-> GET /v1/api/tickle,200|622ms
-> request: /v1/api/tickle
-> GET /v1/api/tickle,200|560ms
-> request: /v1/api/tickle
-> GET /v1/api/tickle,200|534ms
-> GET /v1/api/iserver/auth/status
<- 200 GET /v1/api/iserver/auth/status
-> GET /v1/api/iserver/auth/status
<- 200 GET /v1/api/iserver/auth/status
-> GET /v1/api/iserver/secdef/search?symbol=AAPL&secType=STK&exchange=SMART&currency=USD
<- 200 GET /v1/api/iserver/secdef/search?symbol=AAPL&secType=STK&exchange=SMART&currency=USD
-> request: /v1/api/tickle
-> GET /v1/api/tickle,200|535ms
-> request: /v1/api/tickle
-> GET /v1/api/tickle,200|545ms
-> GET /v1/api/iserver/secdef/search?symbol=AAPL&secType=STK&exchange=SMART&currency=USD
-> request: /v1/api/tickle
<- 200 GET /v1/api/iserver/secdef/search?symbol=AAPL&secType=STK&exchange=SMART&currency=USD
-> GET /v1/api/tickle,200|548ms
-> request: /sso/ping
-> GET /sso/ping,200|924ms
-> request: /v1/api/tickle
-> GET /v1/api/tickle,200|535ms
-> request: /v1/api/tickle
-> GET /v1/api/tickle,200|557ms
-> request: /v1/api/tickle
-> GET /v1/api/tickle,200|534ms
-> request: /v1/api/tickle
-> request: /v1/api/tickle
-> request: /v1/api/tickle
-> request: /v1/api/tickle
-> GET /v1/api/tickle,401|1026ms
-> request: /v1/api/sso/validate?gw=1
-> GET /v1/api/sso/validate?gw=1,401|801ms
-> request: /v1/api/sso/validate?gw=1
-> GET /v1/api/sso/validate?gw=1,401|288ms
-> request: /v1/api/sso/validate?gw=1
-> GET /v1/api/sso/validate?gw=1,401|283ms
-> request: /v1/api/sso/validate?gw=1
-> GET /v1/api/sso/validate?gw=1,401|291ms
-> request: /v1/api/sso/validate?gw=1
-> GET /v1/api/sso/validate?gw=1,401|284ms
-> request: /sso/ping
-> GET /sso/ping,200|263ms
-> request: /sso/ping
-> GET /sso/ping,200|597ms
-> request: /sso/ping
-> GET /sso/ping,200|290ms
-> GET /v1/api/iserver/auth/status
<- 401 GET /v1/api/iserver/auth/status
-> POST /v1/api/sso/validate
<- 401 POST /v1/api/sso/validate
-> GET /v1/api/iserver/auth/status
<- 401 GET /v1/api/iserver/auth/status
-> POST /v1/api/sso/validate
<- 401 POST /v1/api/sso/validate
-> POST /sso/Dispatcher
<- 200 POST /sso/Dispatcher
-> GET /css/bootstrap-5.2.2/bootstrap.min.css
-> GET /css/fontawesome-6.4.2/all.min.css
<- 200 GET /css/bootstrap-5.2.2/bootstrap.min.css
-> GET /css/ibkr/theme-ibkr-portal.min.css
-> GET /css/reg-am/login.min.css
<- 200 GET /css/fontawesome-6.4.2/all.min.css
-> GET /css/bootstrap-switch-3.3.2/bootstrap-switch.min.css
-> GET /scripts/common/js/jquery-3.7.0/jquery.min.js
-> GET /scripts/common/js/bootstrap-5.2.2/bootstrap.bundle.min.js
-> GET /sso/lib/xyz.bundle.min.js
<- 200 GET /css/bootstrap-switch-3.3.2/bootstrap-switch.min.css
<- 200 GET /css/ibkr/theme-ibkr-portal.min.css
<- 200 GET /css/reg-am/login.min.css
<- 200 GET /scripts/common/js/bootstrap-5.2.2/bootstrap.bundle.min.js
<- 200 GET /scripts/common/js/jquery-3.7.0/jquery.min.js
<- 200 GET /sso/lib/xyz.bundle.min.js
-> GET /images/common/logos/ibkr/interactive-brokers.svg
-> GET /fonts/proxima-nova/Proxima-Nova-Regular.woff2
-> GET /fonts/fontawesome-6.4.2/webfonts/fa-brands-400.woff2
-> GET /fonts/fontawesome-6.4.2/webfonts/fa-solid-900.woff2
-> GET /fonts/proxima-nova/Proxima-Nova-Semibold.woff2
-> POST /sso/report
<- 200 GET /fonts/proxima-nova/Proxima-Nova-Semibold.woff2
-> POST /portal.proxy/v1/gstat/bulletins
<- 200 GET /images/common/logos/ibkr/interactive-brokers.svg
<- 200 GET /fonts/fontawesome-6.4.2/webfonts/fa-brands-400.woff2
<- 200 GET /fonts/fontawesome-6.4.2/webfonts/fa-solid-900.woff2
<- 200 GET /fonts/proxima-nova/Proxima-Nova-Regular.woff2
-> GET /images/web/favicons/home-screen-icon-128x128.png
<- 200 POST /sso/report
<- 204 POST /portal.proxy/v1/gstat/bulletins
<- 200 GET /images/web/favicons/home-screen-icon-128x128.png
-> POST /sso/Authenticator
<- 200 POST /sso/Authenticator
-> POST /sso/Authenticator
<- 200 POST /sso/Authenticator
-> POST /sso/Authenticator
<- 200 POST /sso/Authenticator
-> GET /fonts/proxima-nova/proximanova-extrabold.woff2
<- 200 GET /fonts/proxima-nova/proximanova-extrabold.woff2
-> POST /sso/Authenticator
<- 200 POST /sso/Authenticator
-> POST /sso/Authenticator
<- 200 POST /sso/Authenticator
-> POST /sso/Authenticator
<- 200 POST /sso/Authenticator
-> POST /sso/Authenticator
<- 200 POST /sso/Authenticator
-> POST /sso/Authenticator
<- 200 POST /sso/Authenticator
-> POST /sso/Dispatcher
<- 302 POST /sso/Dispatcher
-> request: /v1/api/sso/validate?gw=1
-> GET /v1/api/sso/validate?gw=1,200|411ms
-> request: /v1/api/one/user
-> request: /v1/api/ssodh/init
-> sso GET https://api.ibkr.com/v1/api/ssodh/init
-> GET /v1/api/one/user,200|325ms
-> request: /v1/api/ssodh/st
-> sso GET https://api.ibkr.com/v1/api/ssodh/st
-> GET /v1/api/iserver/auth/status
-> request: /v1/api/iserver/auth/status
-> GET /v1/api/iserver/auth/status,200|337ms
-> request: /v1/api/iserver/auth/ssodh/init
<- 200 GET /v1/api/iserver/auth/status
-> POST /v1/api/sso/validate
<- 200 POST /v1/api/sso/validate
-> POST https://api.ibkr.com/v1/api/iserver/auth/ssodh/init,200|2582ms
-> request: /v1/api/iserver/accounts
-> GET /v1/api/iserver/accounts,200|309ms
-> GET /v1/api/iserver/auth/status
<- 200 GET /v1/api/iserver/auth/status
-> GET /v1/api/iserver/auth/status
<- 200 GET /v1/api/iserver/auth/status
-> GET /v1/api/iserver/secdef/search?symbol=AAPL&secType=STK&exchange=SMART&currency=USD
<- 200 GET /v1/api/iserver/secdef/search?symbol=AAPL&secType=STK&exchange=SMART&currency=USD
-> GET /v1/api/iserver/marketdata/snapshot?conids=265598&fields=31%2C84%2C85%2C86%2C87%2C88%2C70%2C71%2C72%2C73
<- 200 GET /v1/api/iserver/marketdata/snapshot?conids=265598&fields=31%2C84%2C85%2C86%2C87%2C88%2C70%2C71%2C72%2C73
-> request: /v1/api/tickle
-> GET /v1/api/tickle,200|270ms
-> request: /v1/api/tickle
-> GET /v1/api/tickle,200|317ms
-> GET /v1/api/iserver/auth/status
<- 200 GET /v1/api/iserver/auth/status
-> GET /v1/api/iserver/auth/status
<- 200 GET /v1/api/iserver/auth/status
-> GET /v1/api/iserver/secdef/search?symbol=0700&secType=STK&exchange=SEHK&currency=HKD
<- 200 GET /v1/api/iserver/secdef/search?symbol=0700&secType=STK&exchange=SEHK&currency=HKD
-> GET /v1/api/iserver/marketdata/snapshot?conids=823072172&fields=31%2C84%2C85%2C86%2C87%2C88%2C70%2C71%2C72%2C73
<- 200 GET /v1/api/iserver/marketdata/snapshot?conids=823072172&fields=31%2C84%2C85%2C86%2C87%2C88%2C70%2C71%2C72%2C73
-> request: /v1/api/tickle
-> GET /v1/api/tickle,200|473ms
-> GET /v1/api/iserver/auth/status
<- 200 GET /v1/api/iserver/auth/status
-> GET /v1/api/iserver/auth/status
<- 200 GET /v1/api/iserver/auth/status
-> GET /v1/api/iserver/secdef/search?symbol=0700&secType=STK&exchange=SEHK&currency=HKD
<- 200 GET /v1/api/iserver/secdef/search?symbol=0700&secType=STK&exchange=SEHK&currency=HKD
-> GET /v1/api/iserver/marketdata/snapshot?conids=823072172&fields=31%2C84%2C85%2C86%2C87%2C88%2C70%2C71%2C72%2C73
<- 200 GET /v1/api/iserver/marketdata/snapshot?conids=823072172&fields=31%2C84%2C85%2C86%2C87%2C88%2C70%2C71%2C72%2C73
-> request: /v1/api/tickle
-> GET /v1/api/tickle,200|282ms
-> request: /v1/api/tickle
-> GET /v1/api/tickle,200|271ms
-> request: /v1/api/tickle
-> GET /v1/api/tickle,200|357ms
-> GET /v1/api/iserver/auth/status
<- 200 GET /v1/api/iserver/auth/status
-> GET /v1/api/iserver/auth/status
<- 200 GET /v1/api/iserver/auth/status
-> GET /v1/api/iserver/secdef/search?symbol=00700&secType=STK&exchange=SEHK&currency=HKD
<- 200 GET /v1/api/iserver/secdef/search?symbol=00700&secType=STK&exchange=SEHK&currency=HKD
-> GET /v1/api/iserver/marketdata/snapshot?conids=637693883&fields=31%2C84%2C85%2C86%2C87%2C88%2C70%2C71%2C72%2C73
<- 200 GET /v1/api/iserver/marketdata/snapshot?conids=637693883&fields=31%2C84%2C85%2C86%2C87%2C88%2C70%2C71%2C72%2C73
-> request: /v1/api/tickle
-> GET /v1/api/tickle,200|282ms
-> request: /v1/api/tickle
-> GET /v1/api/tickle,200|274ms
-> GET /v1/api/iserver/auth/status
<- 200 GET /v1/api/iserver/auth/status
-> GET /v1/api/iserver/auth/status
<- 200 GET /v1/api/iserver/auth/status
-> GET /v1/api/iserver/secdef/search?symbol=00700&secType=STK&exchange=SEHK&currency=HKD
<- 200 GET /v1/api/iserver/secdef/search?symbol=00700&secType=STK&exchange=SEHK&currency=HKD
-> GET /v1/api/iserver/marketdata/snapshot?conids=637693883&fields=31%2C84%2C85%2C86%2C87%2C88%2C70%2C71%2C72%2C73
<- 200 GET /v1/api/iserver/marketdata/snapshot?conids=637693883&fields=31%2C84%2C85%2C86%2C87%2C88%2C70%2C71%2C72%2C73
-> request: /v1/api/tickle
-> GET /v1/api/tickle,200|299ms
-> GET /v1/api/iserver/auth/status
<- 200 GET /v1/api/iserver/auth/status
-> GET /v1/api/iserver/auth/status
<- 200 GET /v1/api/iserver/auth/status
-> GET /v1/api/iserver/secdef/search?symbol=00700&secType=STK&exchange=SEHK&currency=HKD
<- 200 GET /v1/api/iserver/secdef/search?symbol=00700&secType=STK&exchange=SEHK&currency=HKD
-> GET /v1/api/iserver/marketdata/snapshot?conids=637693883&fields=31%2C84%2C85%2C86%2C87%2C88%2C70%2C71%2C72%2C73
<- 200 GET /v1/api/iserver/marketdata/snapshot?conids=637693883&fields=31%2C84%2C85%2C86%2C87%2C88%2C70%2C71%2C72%2C73
-> request: /sso/ping
-> GET /sso/ping,200|306ms
-> request: /v1/api/tickle
-> GET /v1/api/tickle,200|278ms
-> request: /v1/api/tickle
-> GET /v1/api/tickle,200|281ms
-> request: /v1/api/tickle
-> GET /v1/api/tickle,200|308ms
-> request: /v1/api/tickle
-> GET /v1/api/tickle,200|271ms
-> request: /v1/api/tickle
-> GET /v1/api/tickle,200|345ms
-> request: /v1/api/tickle
-> GET /v1/api/tickle,200|280ms
-> request: /v1/api/tickle
-> GET /v1/api/tickle,200|274ms
-> GET /v1/api/iserver/auth/status
<- 200 GET /v1/api/iserver/auth/status
-> GET /v1/api/iserver/auth/status
<- 200 GET /v1/api/iserver/auth/status
-> GET /v1/api/iserver/secdef/search?symbol=00700&secType=STK&exchange=SEHK&currency=HKD
<- 200 GET /v1/api/iserver/secdef/search?symbol=00700&secType=STK&exchange=SEHK&currency=HKD
-> GET /v1/api/iserver/marketdata/snapshot?conids=637693883&fields=31%2C84%2C85%2C86%2C87%2C88%2C70%2C71%2C72%2C73
<- 200 GET /v1/api/iserver/marketdata/snapshot?conids=637693883&fields=31%2C84%2C85%2C86%2C87%2C88%2C70%2C71%2C72%2C73
-> request: /v1/api/tickle
-> GET /v1/api/tickle,200|279ms
-> request: /v1/api/tickle
-> GET /v1/api/tickle,200|301ms
-> request: /v1/api/tickle
-> GET /v1/api/tickle,200|280ms
-> request: /sso/ping
-> GET /sso/ping,200|281ms
-> request: /v1/api/tickle
-> GET /v1/api/tickle,200|340ms
-> request: /v1/api/tickle
-> GET /v1/api/tickle,200|405ms
-> request: /v1/api/tickle
-> GET /v1/api/tickle,200|303ms
-> request: /v1/api/tickle
-> GET /v1/api/tickle,200|273ms
-> GET /v1/api/iserver/auth/status
<- 200 GET /v1/api/iserver/auth/status
-> GET /v1/api/iserver/secdef/search?symbol=700&secType=STK&exchange=SEHK&currency=HKD
<- 200 GET /v1/api/iserver/secdef/search?symbol=700&secType=STK&exchange=SEHK&currency=HKD
-> GET /v1/api/iserver/secdef/search?symbol=700&secType=STK&exchange=HKEX&currency=HKD
<- 200 GET /v1/api/iserver/secdef/search?symbol=700&secType=STK&exchange=HKEX&currency=HKD
-> GET /v1/api/iserver/secdef/search?symbol=700&secType=STK&exchange=SMART&currency=HKD
<- 200 GET /v1/api/iserver/secdef/search?symbol=700&secType=STK&exchange=SMART&currency=HKD
-> GET /v1/api/iserver/secdef/search?symbol=0700&secType=STK&exchange=SEHK&currency=HKD
<- 200 GET /v1/api/iserver/secdef/search?symbol=0700&secType=STK&exchange=SEHK&currency=HKD
-> GET /v1/api/iserver/secdef/search?symbol=0700&secType=STK&exchange=HKEX&currency=HKD
<- 200 GET /v1/api/iserver/secdef/search?symbol=0700&secType=STK&exchange=HKEX&currency=HKD
-> GET /v1/api/iserver/secdef/search?symbol=0700&secType=STK&exchange=SMART&currency=HKD
<- 200 GET /v1/api/iserver/secdef/search?symbol=0700&secType=STK&exchange=SMART&currency=HKD
-> GET /v1/api/iserver/secdef/search?symbol=00700&secType=STK&exchange=SEHK&currency=HKD
<- 200 GET /v1/api/iserver/secdef/search?symbol=00700&secType=STK&exchange=SEHK&currency=HKD
-> GET /v1/api/iserver/secdef/search?symbol=00700&secType=STK&exchange=HKEX&currency=HKD
<- 200 GET /v1/api/iserver/secdef/search?symbol=00700&secType=STK&exchange=HKEX&currency=HKD
-> GET /v1/api/iserver/secdef/search?symbol=00700&secType=STK&exchange=SMART&currency=HKD
<- 200 GET /v1/api/iserver/secdef/search?symbol=00700&secType=STK&exchange=SMART&currency=HKD
-> GET /v1/api/iserver/secdef/search?symbol=TCEHY&secType=STK&exchange=SEHK&currency=HKD
<- 200 GET /v1/api/iserver/secdef/search?symbol=TCEHY&secType=STK&exchange=SEHK&currency=HKD
-> GET /v1/api/iserver/secdef/search?symbol=TCEHY&secType=STK&exchange=HKEX&currency=HKD
<- 200 GET /v1/api/iserver/secdef/search?symbol=TCEHY&secType=STK&exchange=HKEX&currency=HKD
-> GET /v1/api/iserver/secdef/search?symbol=TCEHY&secType=STK&exchange=SMART&currency=HKD
<- 200 GET /v1/api/iserver/secdef/search?symbol=TCEHY&secType=STK&exchange=SMART&currency=HKD
-> request: /v1/api/tickle
-> GET /v1/api/tickle,200|305ms
-> request: /v1/api/tickle
-> GET /v1/api/tickle,200|270ms
-> request: /v1/api/tickle
-> GET /v1/api/tickle,200|316ms
-> request: /v1/api/tickle
-> GET /v1/api/tickle,200|298ms
-> request: /v1/api/tickle
-> GET /v1/api/tickle,200|273ms
-> GET /v1/api/iserver/auth/status
<- 200 GET /v1/api/iserver/auth/status
-> GET /v1/api/iserver/auth/status
<- 200 GET /v1/api/iserver/auth/status
-> GET /v1/api/iserver/secdef/search?symbol=700&secType=STK&exchange=SMART&currency=HKD
<- 200 GET /v1/api/iserver/secdef/search?symbol=700&secType=STK&exchange=SMART&currency=HKD
-> GET /v1/api/iserver/marketdata/snapshot?conids=152791428&fields=31%2C84%2C85%2C86%2C87%2C88%2C70%2C71%2C72%2C73
<- 200 GET /v1/api/iserver/marketdata/snapshot?conids=152791428&fields=31%2C84%2C85%2C86%2C87%2C88%2C70%2C71%2C72%2C73
-> request: /v1/api/tickle
-> GET /v1/api/tickle,200|390ms
-> request: /sso/ping
-> GET /sso/ping,200|273ms
-> request: /v1/api/tickle
-> GET /v1/api/tickle,200|384ms
-> request: /v1/api/tickle
-> GET /v1/api/tickle,200|378ms
-> request: /v1/api/tickle
-> GET /v1/api/tickle,200|275ms
-> GET /v1/api/iserver/auth/status
<- 200 GET /v1/api/iserver/auth/status
-> GET /v1/api/iserver/secdef/search?symbol=700&secType=STK&exchange=SEHK&currency=HKD
<- 200 GET /v1/api/iserver/secdef/search?symbol=700&secType=STK&exchange=SEHK&currency=HKD
-> GET /v1/api/iserver/auth/status
<- 200 GET /v1/api/iserver/auth/status
-> GET /v1/api/iserver/secdef/search?symbol=700&secType=STK&exchange=SEHK&currency=HKD
<- 200 GET /v1/api/iserver/secdef/search?symbol=700&secType=STK&exchange=SEHK&currency=HKD
-> GET /v1/api/iserver/marketdata/snapshot?conids=152791428&fields=31%2C84%2C85%2C86%2C87%2C88%2C70%2C71%2C72%2C73
<- 200 GET /v1/api/iserver/marketdata/snapshot?conids=152791428&fields=31%2C84%2C85%2C86%2C87%2C88%2C70%2C71%2C72%2C73
-> GET /v1/api/iserver/auth/status
<- 200 GET /v1/api/iserver/auth/status
-> GET /v1/api/iserver/marketdata/snapshot?conids=152791428&fields=31%2C84%2C85%2C86%2C87%2C88%2C70%2C71%2C72%2C73
<- 200 GET /v1/api/iserver/marketdata/snapshot?conids=152791428&fields=31%2C84%2C85%2C86%2C87%2C88%2C70%2C71%2C72%2C73
-> GET /v1/api/iserver/secdef/search?symbol=700&secType=STK&exchange=HKEX&currency=HKD
<- 200 GET /v1/api/iserver/secdef/search?symbol=700&secType=STK&exchange=HKEX&currency=HKD
-> GET /v1/api/iserver/auth/status
<- 200 GET /v1/api/iserver/auth/status
-> GET /v1/api/iserver/secdef/search?symbol=700&secType=STK&exchange=HKEX&currency=HKD
<- 200 GET /v1/api/iserver/secdef/search?symbol=700&secType=STK&exchange=HKEX&currency=HKD
-> GET /v1/api/iserver/marketdata/snapshot?conids=152791428&fields=31%2C84%2C85%2C86%2C87%2C88%2C70%2C71%2C72%2C73
<- 200 GET /v1/api/iserver/marketdata/snapshot?conids=152791428&fields=31%2C84%2C85%2C86%2C87%2C88%2C70%2C71%2C72%2C73
-> GET /v1/api/iserver/auth/status
<- 200 GET /v1/api/iserver/auth/status
-> GET /v1/api/iserver/marketdata/snapshot?conids=152791428&fields=31%2C84%2C85%2C86%2C87%2C88%2C70%2C71%2C72%2C73
<- 200 GET /v1/api/iserver/marketdata/snapshot?conids=152791428&fields=31%2C84%2C85%2C86%2C87%2C88%2C70%2C71%2C72%2C73
-> GET /v1/api/iserver/secdef/search?symbol=700&secType=STK&exchange=SMART&currency=HKD
<- 200 GET /v1/api/iserver/secdef/search?symbol=700&secType=STK&exchange=SMART&currency=HKD
-> GET /v1/api/iserver/auth/status
<- 200 GET /v1/api/iserver/auth/status
-> GET /v1/api/iserver/secdef/search?symbol=700&secType=STK&exchange=SMART&currency=HKD
<- 200 GET /v1/api/iserver/secdef/search?symbol=700&secType=STK&exchange=SMART&currency=HKD
-> GET /v1/api/iserver/marketdata/snapshot?conids=152791428&fields=31%2C84%2C85%2C86%2C87%2C88%2C70%2C71%2C72%2C73
<- 200 GET /v1/api/iserver/marketdata/snapshot?conids=152791428&fields=31%2C84%2C85%2C86%2C87%2C88%2C70%2C71%2C72%2C73
-> GET /v1/api/iserver/auth/status
<- 200 GET /v1/api/iserver/auth/status
-> GET /v1/api/iserver/marketdata/snapshot?conids=152791428&fields=31%2C84%2C85%2C86%2C87%2C88%2C70%2C71%2C72%2C73
<- 200 GET /v1/api/iserver/marketdata/snapshot?conids=152791428&fields=31%2C84%2C85%2C86%2C87%2C88%2C70%2C71%2C72%2C73
-> GET /v1/api/iserver/secdef/search?symbol=0700&secType=STK&exchange=SEHK&currency=HKD
<- 200 GET /v1/api/iserver/secdef/search?symbol=0700&secType=STK&exchange=SEHK&currency=HKD
-> GET /v1/api/iserver/auth/status
<- 200 GET /v1/api/iserver/auth/status
-> GET /v1/api/iserver/secdef/search?symbol=0700&secType=STK&exchange=SEHK&currency=HKD
<- 200 GET /v1/api/iserver/secdef/search?symbol=0700&secType=STK&exchange=SEHK&currency=HKD
-> GET /v1/api/iserver/marketdata/snapshot?conids=823072172&fields=31%2C84%2C85%2C86%2C87%2C88%2C70%2C71%2C72%2C73
-> request: /v1/api/tickle
<- 200 GET /v1/api/iserver/marketdata/snapshot?conids=823072172&fields=31%2C84%2C85%2C86%2C87%2C88%2C70%2C71%2C72%2C73
-> GET /v1/api/iserver/secdef/search?symbol=0700&secType=STK&exchange=HKEX&currency=HKD
-> GET /v1/api/tickle,200|307ms
<- 200 GET /v1/api/iserver/secdef/search?symbol=0700&secType=STK&exchange=HKEX&currency=HKD
-> GET /v1/api/iserver/auth/status
<- 200 GET /v1/api/iserver/auth/status
-> GET /v1/api/iserver/secdef/search?symbol=0700&secType=STK&exchange=HKEX&currency=HKD
<- 200 GET /v1/api/iserver/secdef/search?symbol=0700&secType=STK&exchange=HKEX&currency=HKD
-> GET /v1/api/iserver/marketdata/snapshot?conids=823072172&fields=31%2C84%2C85%2C86%2C87%2C88%2C70%2C71%2C72%2C73
<- 200 GET /v1/api/iserver/marketdata/snapshot?conids=823072172&fields=31%2C84%2C85%2C86%2C87%2C88%2C70%2C71%2C72%2C73
-> GET /v1/api/iserver/secdef/search?symbol=0700&secType=STK&exchange=SMART&currency=HKD
<- 200 GET /v1/api/iserver/secdef/search?symbol=0700&secType=STK&exchange=SMART&currency=HKD
-> GET /v1/api/iserver/auth/status
<- 200 GET /v1/api/iserver/auth/status
-> GET /v1/api/iserver/secdef/search?symbol=0700&secType=STK&exchange=SMART&currency=HKD
<- 200 GET /v1/api/iserver/secdef/search?symbol=0700&secType=STK&exchange=SMART&currency=HKD
-> GET /v1/api/iserver/marketdata/snapshot?conids=823072172&fields=31%2C84%2C85%2C86%2C87%2C88%2C70%2C71%2C72%2C73
<- 200 GET /v1/api/iserver/marketdata/snapshot?conids=823072172&fields=31%2C84%2C85%2C86%2C87%2C88%2C70%2C71%2C72%2C73
-> GET /v1/api/iserver/secdef/search?symbol=00700&secType=STK&exchange=SEHK&currency=HKD
<- 200 GET /v1/api/iserver/secdef/search?symbol=00700&secType=STK&exchange=SEHK&currency=HKD
-> GET /v1/api/iserver/auth/status
<- 200 GET /v1/api/iserver/auth/status
-> GET /v1/api/iserver/secdef/search?symbol=00700&secType=STK&exchange=SEHK&currency=HKD
<- 200 GET /v1/api/iserver/secdef/search?symbol=00700&secType=STK&exchange=SEHK&currency=HKD
-> GET /v1/api/iserver/marketdata/snapshot?conids=637693883&fields=31%2C84%2C85%2C86%2C87%2C88%2C70%2C71%2C72%2C73
<- 200 GET /v1/api/iserver/marketdata/snapshot?conids=637693883&fields=31%2C84%2C85%2C86%2C87%2C88%2C70%2C71%2C72%2C73
-> GET /v1/api/iserver/secdef/search?symbol=00700&secType=STK&exchange=HKEX&currency=HKD
<- 200 GET /v1/api/iserver/secdef/search?symbol=00700&secType=STK&exchange=HKEX&currency=HKD
-> GET /v1/api/iserver/auth/status
<- 200 GET /v1/api/iserver/auth/status
-> GET /v1/api/iserver/secdef/search?symbol=00700&secType=STK&exchange=HKEX&currency=HKD
<- 200 GET /v1/api/iserver/secdef/search?symbol=00700&secType=STK&exchange=HKEX&currency=HKD
-> GET /v1/api/iserver/marketdata/snapshot?conids=637693883&fields=31%2C84%2C85%2C86%2C87%2C88%2C70%2C71%2C72%2C73
<- 200 GET /v1/api/iserver/marketdata/snapshot?conids=637693883&fields=31%2C84%2C85%2C86%2C87%2C88%2C70%2C71%2C72%2C73
-> GET /v1/api/iserver/secdef/search?symbol=00700&secType=STK&exchange=SMART&currency=HKD
<- 200 GET /v1/api/iserver/secdef/search?symbol=00700&secType=STK&exchange=SMART&currency=HKD
-> GET /v1/api/iserver/auth/status
<- 200 GET /v1/api/iserver/auth/status
-> GET /v1/api/iserver/secdef/search?symbol=00700&secType=STK&exchange=SMART&currency=HKD
<- 200 GET /v1/api/iserver/secdef/search?symbol=00700&secType=STK&exchange=SMART&currency=HKD
-> GET /v1/api/iserver/marketdata/snapshot?conids=637693883&fields=31%2C84%2C85%2C86%2C87%2C88%2C70%2C71%2C72%2C73
<- 200 GET /v1/api/iserver/marketdata/snapshot?conids=637693883&fields=31%2C84%2C85%2C86%2C87%2C88%2C70%2C71%2C72%2C73
-> GET /v1/api/iserver/secdef/search?symbol=TCEHY&secType=STK&exchange=SEHK&currency=HKD
<- 200 GET /v1/api/iserver/secdef/search?symbol=TCEHY&secType=STK&exchange=SEHK&currency=HKD
-> GET /v1/api/iserver/auth/status
<- 200 GET /v1/api/iserver/auth/status
-> GET /v1/api/iserver/secdef/search?symbol=TCEHY&secType=STK&exchange=SEHK&currency=HKD
<- 200 GET /v1/api/iserver/secdef/search?symbol=TCEHY&secType=STK&exchange=SEHK&currency=HKD
-> GET /v1/api/iserver/marketdata/snapshot?conids=55279376&fields=31%2C84%2C85%2C86%2C87%2C88%2C70%2C71%2C72%2C73
<- 200 GET /v1/api/iserver/marketdata/snapshot?conids=55279376&fields=31%2C84%2C85%2C86%2C87%2C88%2C70%2C71%2C72%2C73
-> GET /v1/api/iserver/auth/status
<- 200 GET /v1/api/iserver/auth/status
-> GET /v1/api/iserver/marketdata/snapshot?conids=55279376&fields=31%2C84%2C85%2C86%2C87%2C88%2C70%2C71%2C72%2C73
<- 200 GET /v1/api/iserver/marketdata/snapshot?conids=55279376&fields=31%2C84%2C85%2C86%2C87%2C88%2C70%2C71%2C72%2C73
-> GET /v1/api/iserver/secdef/search?symbol=TCEHY&secType=STK&exchange=HKEX&currency=HKD
<- 200 GET /v1/api/iserver/secdef/search?symbol=TCEHY&secType=STK&exchange=HKEX&currency=HKD
-> GET /v1/api/iserver/auth/status
<- 200 GET /v1/api/iserver/auth/status
-> GET /v1/api/iserver/secdef/search?symbol=TCEHY&secType=STK&exchange=HKEX&currency=HKD
<- 200 GET /v1/api/iserver/secdef/search?symbol=TCEHY&secType=STK&exchange=HKEX&currency=HKD
-> GET /v1/api/iserver/marketdata/snapshot?conids=55279376&fields=31%2C84%2C85%2C86%2C87%2C88%2C70%2C71%2C72%2C73
<- 200 GET /v1/api/iserver/marketdata/snapshot?conids=55279376&fields=31%2C84%2C85%2C86%2C87%2C88%2C70%2C71%2C72%2C73
-> GET /v1/api/iserver/auth/status
<- 200 GET /v1/api/iserver/auth/status
-> GET /v1/api/iserver/marketdata/snapshot?conids=55279376&fields=31%2C84%2C85%2C86%2C87%2C88%2C70%2C71%2C72%2C73
<- 200 GET /v1/api/iserver/marketdata/snapshot?conids=55279376&fields=31%2C84%2C85%2C86%2C87%2C88%2C70%2C71%2C72%2C73
-> GET /v1/api/iserver/secdef/search?symbol=TCEHY&secType=STK&exchange=SMART&currency=HKD
<- 200 GET /v1/api/iserver/secdef/search?symbol=TCEHY&secType=STK&exchange=SMART&currency=HKD
-> GET /v1/api/iserver/auth/status
<- 200 GET /v1/api/iserver/auth/status
-> GET /v1/api/iserver/secdef/search?symbol=TCEHY&secType=STK&exchange=SMART&currency=HKD
<- 200 GET /v1/api/iserver/secdef/search?symbol=TCEHY&secType=STK&exchange=SMART&currency=HKD
-> GET /v1/api/iserver/marketdata/snapshot?conids=55279376&fields=31%2C84%2C85%2C86%2C87%2C88%2C70%2C71%2C72%2C73
<- 200 GET /v1/api/iserver/marketdata/snapshot?conids=55279376&fields=31%2C84%2C85%2C86%2C87%2C88%2C70%2C71%2C72%2C73
-> GET /v1/api/iserver/auth/status
<- 200 GET /v1/api/iserver/auth/status
-> GET /v1/api/iserver/marketdata/snapshot?conids=55279376&fields=31%2C84%2C85%2C86%2C87%2C88%2C70%2C71%2C72%2C73
<- 200 GET /v1/api/iserver/marketdata/snapshot?conids=55279376&fields=31%2C84%2C85%2C86%2C87%2C88%2C70%2C71%2C72%2C73
-> request: /v1/api/tickle
-> GET /v1/api/tickle,200|369ms
-> request: /v1/api/tickle
-> GET /v1/api/tickle,200|269ms
-> request: /v1/api/tickle
-> GET /v1/api/tickle,200|302ms
-> request: /v1/api/tickle
-> GET /v1/api/tickle,200|306ms
-> request: /v1/api/tickle
-> GET /v1/api/tickle,200|291ms
-> GET /v1/api/iserver/auth/status
<- 200 GET /v1/api/iserver/auth/status
-> GET /v1/api/iserver/auth/status
<- 200 GET /v1/api/iserver/auth/status
-> GET /v1/api/iserver/secdef/search?symbol=700&secType=STK&exchange=HKEX&currency=HKD
<- 200 GET /v1/api/iserver/secdef/search?symbol=700&secType=STK&exchange=HKEX&currency=HKD
-> GET /v1/api/iserver/marketdata/snapshot?conids=152791428&fields=31%2C84%2C85%2C86%2C87%2C88%2C70%2C71%2C72%2C73
<- 200 GET /v1/api/iserver/marketdata/snapshot?conids=152791428&fields=31%2C84%2C85%2C86%2C87%2C88%2C70%2C71%2C72%2C73
-> request: /v1/api/tickle
-> GET /v1/api/tickle,200|268ms
-> request: /sso/ping
-> GET /sso/ping,200|266ms
-> GET /v1/api/iserver/auth/status
<- 200 GET /v1/api/iserver/auth/status
-> GET /v1/api/iserver/auth/status
<- 200 GET /v1/api/iserver/auth/status
-> GET /v1/api/iserver/secdef/search?symbol=700&secType=STK&exchange=HKEX&currency=HKD
<- 200 GET /v1/api/iserver/secdef/search?symbol=700&secType=STK&exchange=HKEX&currency=HKD
-> GET /v1/api/iserver/marketdata/snapshot?conids=152791428&fields=31%2C84%2C85%2C86%2C87%2C88%2C70%2C71%2C72%2C73
<- 200 GET /v1/api/iserver/marketdata/snapshot?conids=152791428&fields=31%2C84%2C85%2C86%2C87%2C88%2C70%2C71%2C72%2C73
-> request: /v1/api/tickle
-> GET /v1/api/tickle,200|356ms
-> GET /v1/api/iserver/auth/status
<- 200 GET /v1/api/iserver/auth/status
-> GET /v1/api/iserver/secdef/search?symbol=700&secType=STK&exchange=SEHK&currency=HKD
<- 200 GET /v1/api/iserver/secdef/search?symbol=700&secType=STK&exchange=SEHK&currency=HKD
-> GET /v1/api/iserver/auth/status
<- 200 GET /v1/api/iserver/auth/status
-> GET /v1/api/iserver/secdef/search?symbol=700&secType=STK&exchange=SEHK&currency=HKD
<- 200 GET /v1/api/iserver/secdef/search?symbol=700&secType=STK&exchange=SEHK&currency=HKD
-> GET /v1/api/iserver/marketdata/snapshot?conids=152791428&fields=31%2C84%2C85%2C86%2C87%2C88%2C70%2C71%2C72%2C73
<- 200 GET /v1/api/iserver/marketdata/snapshot?conids=152791428&fields=31%2C84%2C85%2C86%2C87%2C88%2C70%2C71%2C72%2C73
-> GET /v1/api/iserver/auth/status
<- 200 GET /v1/api/iserver/auth/status
-> GET /v1/api/iserver/marketdata/snapshot?conids=152791428&fields=31%2C84%2C85%2C86%2C87%2C88%2C70%2C71%2C72%2C73
<- 200 GET /v1/api/iserver/marketdata/snapshot?conids=152791428&fields=31%2C84%2C85%2C86%2C87%2C88%2C70%2C71%2C72%2C73
-> GET /v1/api/iserver/secdef/search?symbol=700&secType=STK&exchange=HKEX&currency=HKD
<- 200 GET /v1/api/iserver/secdef/search?symbol=700&secType=STK&exchange=HKEX&currency=HKD
-> GET /v1/api/iserver/auth/status
<- 200 GET /v1/api/iserver/auth/status
-> GET /v1/api/iserver/secdef/search?symbol=700&secType=STK&exchange=HKEX&currency=HKD
<- 200 GET /v1/api/iserver/secdef/search?symbol=700&secType=STK&exchange=HKEX&currency=HKD
-> GET /v1/api/iserver/marketdata/snapshot?conids=152791428&fields=31%2C84%2C85%2C86%2C87%2C88%2C70%2C71%2C72%2C73
<- 200 GET /v1/api/iserver/marketdata/snapshot?conids=152791428&fields=31%2C84%2C85%2C86%2C87%2C88%2C70%2C71%2C72%2C73
-> GET /v1/api/iserver/auth/status
<- 200 GET /v1/api/iserver/auth/status
-> GET /v1/api/iserver/marketdata/snapshot?conids=152791428&fields=31%2C84%2C85%2C86%2C87%2C88%2C70%2C71%2C72%2C73
<- 200 GET /v1/api/iserver/marketdata/snapshot?conids=152791428&fields=31%2C84%2C85%2C86%2C87%2C88%2C70%2C71%2C72%2C73
-> GET /v1/api/iserver/secdef/search?symbol=700&secType=STK&exchange=SMART&currency=HKD
<- 200 GET /v1/api/iserver/secdef/search?symbol=700&secType=STK&exchange=SMART&currency=HKD
-> GET /v1/api/iserver/auth/status
<- 200 GET /v1/api/iserver/auth/status
-> GET /v1/api/iserver/secdef/search?symbol=700&secType=STK&exchange=SMART&currency=HKD
<- 200 GET /v1/api/iserver/secdef/search?symbol=700&secType=STK&exchange=SMART&currency=HKD
-> GET /v1/api/iserver/marketdata/snapshot?conids=152791428&fields=31%2C84%2C85%2C86%2C87%2C88%2C70%2C71%2C72%2C73
<- 200 GET /v1/api/iserver/marketdata/snapshot?conids=152791428&fields=31%2C84%2C85%2C86%2C87%2C88%2C70%2C71%2C72%2C73
-> GET /v1/api/iserver/auth/status
<- 200 GET /v1/api/iserver/auth/status
-> GET /v1/api/iserver/marketdata/snapshot?conids=152791428&fields=31%2C84%2C85%2C86%2C87%2C88%2C70%2C71%2C72%2C73
<- 200 GET /v1/api/iserver/marketdata/snapshot?conids=152791428&fields=31%2C84%2C85%2C86%2C87%2C88%2C70%2C71%2C72%2C73
-> GET /v1/api/iserver/secdef/search?symbol=0700&secType=STK&exchange=SEHK&currency=HKD
<- 200 GET /v1/api/iserver/secdef/search?symbol=0700&secType=STK&exchange=SEHK&currency=HKD
-> GET /v1/api/iserver/auth/status
<- 200 GET /v1/api/iserver/auth/status
-> GET /v1/api/iserver/secdef/search?symbol=0700&secType=STK&exchange=SEHK&currency=HKD
<- 200 GET /v1/api/iserver/secdef/search?symbol=0700&secType=STK&exchange=SEHK&currency=HKD
-> GET /v1/api/iserver/marketdata/snapshot?conids=823072172&fields=31%2C84%2C85%2C86%2C87%2C88%2C70%2C71%2C72%2C73
<- 200 GET /v1/api/iserver/marketdata/snapshot?conids=823072172&fields=31%2C84%2C85%2C86%2C87%2C88%2C70%2C71%2C72%2C73
-> GET /v1/api/iserver/secdef/search?symbol=0700&secType=STK&exchange=HKEX&currency=HKD
<- 200 GET /v1/api/iserver/secdef/search?symbol=0700&secType=STK&exchange=HKEX&currency=HKD
-> GET /v1/api/iserver/auth/status
<- 200 GET /v1/api/iserver/auth/status
-> GET /v1/api/iserver/secdef/search?symbol=0700&secType=STK&exchange=HKEX&currency=HKD
<- 200 GET /v1/api/iserver/secdef/search?symbol=0700&secType=STK&exchange=HKEX&currency=HKD
-> GET /v1/api/iserver/marketdata/snapshot?conids=823072172&fields=31%2C84%2C85%2C86%2C87%2C88%2C70%2C71%2C72%2C73
<- 200 GET /v1/api/iserver/marketdata/snapshot?conids=823072172&fields=31%2C84%2C85%2C86%2C87%2C88%2C70%2C71%2C72%2C73
-> GET /v1/api/iserver/secdef/search?symbol=0700&secType=STK&exchange=SMART&currency=HKD
<- 200 GET /v1/api/iserver/secdef/search?symbol=0700&secType=STK&exchange=SMART&currency=HKD
-> GET /v1/api/iserver/auth/status
-> request: /v1/api/tickle
<- 200 GET /v1/api/iserver/auth/status
-> GET /v1/api/iserver/secdef/search?symbol=0700&secType=STK&exchange=SMART&currency=HKD
-> GET /v1/api/tickle,200|271ms
<- 200 GET /v1/api/iserver/secdef/search?symbol=0700&secType=STK&exchange=SMART&currency=HKD
-> GET /v1/api/iserver/marketdata/snapshot?conids=823072172&fields=31%2C84%2C85%2C86%2C87%2C88%2C70%2C71%2C72%2C73
<- 200 GET /v1/api/iserver/marketdata/snapshot?conids=823072172&fields=31%2C84%2C85%2C86%2C87%2C88%2C70%2C71%2C72%2C73
-> GET /v1/api/iserver/secdef/search?symbol=00700&secType=STK&exchange=SEHK&currency=HKD
<- 200 GET /v1/api/iserver/secdef/search?symbol=00700&secType=STK&exchange=SEHK&currency=HKD
-> GET /v1/api/iserver/auth/status
<- 200 GET /v1/api/iserver/auth/status
-> GET /v1/api/iserver/secdef/search?symbol=00700&secType=STK&exchange=SEHK&currency=HKD
<- 200 GET /v1/api/iserver/secdef/search?symbol=00700&secType=STK&exchange=SEHK&currency=HKD
-> GET /v1/api/iserver/marketdata/snapshot?conids=637693883&fields=31%2C84%2C85%2C86%2C87%2C88%2C70%2C71%2C72%2C73
<- 200 GET /v1/api/iserver/marketdata/snapshot?conids=637693883&fields=31%2C84%2C85%2C86%2C87%2C88%2C70%2C71%2C72%2C73
-> GET /v1/api/iserver/secdef/search?symbol=00700&secType=STK&exchange=HKEX&currency=HKD
<- 200 GET /v1/api/iserver/secdef/search?symbol=00700&secType=STK&exchange=HKEX&currency=HKD
-> GET /v1/api/iserver/auth/status
<- 200 GET /v1/api/iserver/auth/status
-> GET /v1/api/iserver/secdef/search?symbol=00700&secType=STK&exchange=HKEX&currency=HKD
<- 200 GET /v1/api/iserver/secdef/search?symbol=00700&secType=STK&exchange=HKEX&currency=HKD
-> GET /v1/api/iserver/marketdata/snapshot?conids=637693883&fields=31%2C84%2C85%2C86%2C87%2C88%2C70%2C71%2C72%2C73
<- 200 GET /v1/api/iserver/marketdata/snapshot?conids=637693883&fields=31%2C84%2C85%2C86%2C87%2C88%2C70%2C71%2C72%2C73
-> GET /v1/api/iserver/secdef/search?symbol=00700&secType=STK&exchange=SMART&currency=HKD
<- 200 GET /v1/api/iserver/secdef/search?symbol=00700&secType=STK&exchange=SMART&currency=HKD
-> GET /v1/api/iserver/auth/status
<- 200 GET /v1/api/iserver/auth/status
-> GET /v1/api/iserver/secdef/search?symbol=00700&secType=STK&exchange=SMART&currency=HKD
<- 200 GET /v1/api/iserver/secdef/search?symbol=00700&secType=STK&exchange=SMART&currency=HKD
-> GET /v1/api/iserver/marketdata/snapshot?conids=637693883&fields=31%2C84%2C85%2C86%2C87%2C88%2C70%2C71%2C72%2C73
<- 200 GET /v1/api/iserver/marketdata/snapshot?conids=637693883&fields=31%2C84%2C85%2C86%2C87%2C88%2C70%2C71%2C72%2C73
-> GET /v1/api/iserver/secdef/search?symbol=TCEHY&secType=STK&exchange=SEHK&currency=HKD
<- 200 GET /v1/api/iserver/secdef/search?symbol=TCEHY&secType=STK&exchange=SEHK&currency=HKD
-> GET /v1/api/iserver/auth/status
<- 200 GET /v1/api/iserver/auth/status
-> GET /v1/api/iserver/secdef/search?symbol=TCEHY&secType=STK&exchange=SEHK&currency=HKD
<- 200 GET /v1/api/iserver/secdef/search?symbol=TCEHY&secType=STK&exchange=SEHK&currency=HKD
-> GET /v1/api/iserver/marketdata/snapshot?conids=55279376&fields=31%2C84%2C85%2C86%2C87%2C88%2C70%2C71%2C72%2C73
<- 200 GET /v1/api/iserver/marketdata/snapshot?conids=55279376&fields=31%2C84%2C85%2C86%2C87%2C88%2C70%2C71%2C72%2C73
-> GET /v1/api/iserver/auth/status
<- 200 GET /v1/api/iserver/auth/status
-> GET /v1/api/iserver/marketdata/snapshot?conids=55279376&fields=31%2C84%2C85%2C86%2C87%2C88%2C70%2C71%2C72%2C73
<- 200 GET /v1/api/iserver/marketdata/snapshot?conids=55279376&fields=31%2C84%2C85%2C86%2C87%2C88%2C70%2C71%2C72%2C73
-> GET /v1/api/iserver/secdef/search?symbol=TCEHY&secType=STK&exchange=HKEX&currency=HKD
<- 200 GET /v1/api/iserver/secdef/search?symbol=TCEHY&secType=STK&exchange=HKEX&currency=HKD
-> GET /v1/api/iserver/auth/status
<- 200 GET /v1/api/iserver/auth/status
-> GET /v1/api/iserver/secdef/search?symbol=TCEHY&secType=STK&exchange=HKEX&currency=HKD
<- 200 GET /v1/api/iserver/secdef/search?symbol=TCEHY&secType=STK&exchange=HKEX&currency=HKD
-> GET /v1/api/iserver/marketdata/snapshot?conids=55279376&fields=31%2C84%2C85%2C86%2C87%2C88%2C70%2C71%2C72%2C73
<- 200 GET /v1/api/iserver/marketdata/snapshot?conids=55279376&fields=31%2C84%2C85%2C86%2C87%2C88%2C70%2C71%2C72%2C73
-> GET /v1/api/iserver/auth/status
<- 200 GET /v1/api/iserver/auth/status
-> GET /v1/api/iserver/marketdata/snapshot?conids=55279376&fields=31%2C84%2C85%2C86%2C87%2C88%2C70%2C71%2C72%2C73
<- 200 GET /v1/api/iserver/marketdata/snapshot?conids=55279376&fields=31%2C84%2C85%2C86%2C87%2C88%2C70%2C71%2C72%2C73
-> GET /v1/api/iserver/secdef/search?symbol=TCEHY&secType=STK&exchange=SMART&currency=HKD
<- 200 GET /v1/api/iserver/secdef/search?symbol=TCEHY&secType=STK&exchange=SMART&currency=HKD
-> GET /v1/api/iserver/auth/status
<- 200 GET /v1/api/iserver/auth/status
-> GET /v1/api/iserver/secdef/search?symbol=TCEHY&secType=STK&exchange=SMART&currency=HKD
<- 200 GET /v1/api/iserver/secdef/search?symbol=TCEHY&secType=STK&exchange=SMART&currency=HKD
-> GET /v1/api/iserver/marketdata/snapshot?conids=55279376&fields=31%2C84%2C85%2C86%2C87%2C88%2C70%2C71%2C72%2C73
<- 200 GET /v1/api/iserver/marketdata/snapshot?conids=55279376&fields=31%2C84%2C85%2C86%2C87%2C88%2C70%2C71%2C72%2C73
-> GET /v1/api/iserver/auth/status
<- 200 GET /v1/api/iserver/auth/status
-> GET /v1/api/iserver/marketdata/snapshot?conids=55279376&fields=31%2C84%2C85%2C86%2C87%2C88%2C70%2C71%2C72%2C73
<- 200 GET /v1/api/iserver/marketdata/snapshot?conids=55279376&fields=31%2C84%2C85%2C86%2C87%2C88%2C70%2C71%2C72%2C73
-> request: /v1/api/tickle
-> GET /v1/api/tickle,200|283ms
-> request: /v1/api/tickle
-> GET /v1/api/tickle,200|284ms
-> request: /v1/api/tickle
-> GET /v1/api/tickle,200|300ms
-> request: /v1/api/tickle
-> GET /v1/api/tickle,200|329ms
-> request: /v1/api/tickle
-> GET /v1/api/tickle,200|651ms
-> request: /v1/api/tickle
-> GET /v1/api/tickle,200|489ms
-> request: /v1/api/tickle
-> GET /v1/api/tickle,200|277ms
-> request: /v1/api/tickle
-> GET /v1/api/tickle,200|280ms
-> request: /sso/ping
-> GET /sso/ping,200|325ms
-> request: /v1/api/tickle
-> GET /v1/api/tickle,200|459ms
-> request: /v1/api/tickle
-> GET /v1/api/tickle,200|272ms
-> request: /v1/api/tickle
-> GET /v1/api/tickle,200|293ms
-> request: /v1/api/tickle
-> GET /v1/api/tickle,200|272ms
-> request: /v1/api/tickle
-> GET /v1/api/tickle,200|279ms
-> request: /v1/api/tickle
-> GET /v1/api/tickle,200|302ms
-> request: /v1/api/tickle
-> GET /v1/api/tickle,200|311ms
-> request: /v1/api/tickle
-> GET /v1/api/tickle,200|286ms
-> request: /v1/api/tickle
-> GET /v1/api/tickle,200|276ms
-> request: /v1/api/tickle
-> GET /v1/api/tickle,200|289ms
-> GET /v1/api/iserver/auth/status
<- 200 GET /v1/api/iserver/auth/status
-> GET /v1/api/iserver/secdef/search?symbol=700&secType=STK&exchange=SEHK&currency=HKD
<- 200 GET /v1/api/iserver/secdef/search?symbol=700&secType=STK&exchange=SEHK&currency=HKD
-> GET /v1/api/iserver/auth/status
<- 200 GET /v1/api/iserver/auth/status
-> GET /v1/api/iserver/secdef/search?symbol=700&secType=STK&exchange=SEHK&currency=HKD
<- 200 GET /v1/api/iserver/secdef/search?symbol=700&secType=STK&exchange=SEHK&currency=HKD
-> request: /sso/ping
-> GET /sso/ping,200|298ms
-> request: /v1/api/tickle
-> GET /v1/api/tickle,200|278ms
-> request: /v1/api/tickle
-> GET /v1/api/tickle,200|537ms
-> request: /v1/api/tickle
-> GET /v1/api/tickle,200|299ms
-> request: /v1/api/tickle
-> GET /v1/api/tickle,200|431ms
-> request: /v1/api/tickle
-> GET /v1/api/tickle,200|596ms
-> request: /v1/api/tickle
-> GET /v1/api/tickle,200|385ms
-> GET /v1/api/iserver/auth/status
<- 200 GET /v1/api/iserver/auth/status
-> GET /v1/api/iserver/secdef/search?symbol=1&secType=STK&exchange=SEHK&currency=HKD
<- 200 GET /v1/api/iserver/secdef/search?symbol=1&secType=STK&exchange=SEHK&currency=HKD
-> GET /v1/api/iserver/auth/status
<- 200 GET /v1/api/iserver/auth/status
-> GET /v1/api/iserver/secdef/search?symbol=1&secType=STK&exchange=SEHK&currency=HKD
<- 200 GET /v1/api/iserver/secdef/search?symbol=1&secType=STK&exchange=SEHK&currency=HKD
-> GET /v1/api/iserver/marketdata/snapshot?conids=187019926&fields=31%2C84%2C85%2C86%2C87%2C88%2C70%2C71%2C72%2C73
<- 200 GET /v1/api/iserver/marketdata/snapshot?conids=187019926&fields=31%2C84%2C85%2C86%2C87%2C88%2C70%2C71%2C72%2C73
-> GET /v1/api/iserver/auth/status
<- 200 GET /v1/api/iserver/auth/status
-> GET /v1/api/iserver/marketdata/snapshot?conids=187019926&fields=31%2C84%2C85%2C86%2C87%2C88%2C70%2C71%2C72%2C73
<- 200 GET /v1/api/iserver/marketdata/snapshot?conids=187019926&fields=31%2C84%2C85%2C86%2C87%2C88%2C70%2C71%2C72%2C73
-> GET /v1/api/iserver/secdef/search?symbol=1&secType=STK&exchange=HKEX&currency=HKD
<- 200 GET /v1/api/iserver/secdef/search?symbol=1&secType=STK&exchange=HKEX&currency=HKD
-> GET /v1/api/iserver/auth/status
<- 200 GET /v1/api/iserver/auth/status
-> GET /v1/api/iserver/secdef/search?symbol=1&secType=STK&exchange=HKEX&currency=HKD
<- 200 GET /v1/api/iserver/secdef/search?symbol=1&secType=STK&exchange=HKEX&currency=HKD
-> GET /v1/api/iserver/marketdata/snapshot?conids=187019926&fields=31%2C84%2C85%2C86%2C87%2C88%2C70%2C71%2C72%2C73
<- 200 GET /v1/api/iserver/marketdata/snapshot?conids=187019926&fields=31%2C84%2C85%2C86%2C87%2C88%2C70%2C71%2C72%2C73
-> GET /v1/api/iserver/auth/status
<- 200 GET /v1/api/iserver/auth/status
-> GET /v1/api/iserver/marketdata/snapshot?conids=187019926&fields=31%2C84%2C85%2C86%2C87%2C88%2C70%2C71%2C72%2C73
<- 200 GET /v1/api/iserver/marketdata/snapshot?conids=187019926&fields=31%2C84%2C85%2C86%2C87%2C88%2C70%2C71%2C72%2C73
-> GET /v1/api/iserver/secdef/search?symbol=1&secType=STK&exchange=SMART&currency=HKD
<- 200 GET /v1/api/iserver/secdef/search?symbol=1&secType=STK&exchange=SMART&currency=HKD
-> GET /v1/api/iserver/auth/status
<- 200 GET /v1/api/iserver/auth/status
-> GET /v1/api/iserver/secdef/search?symbol=1&secType=STK&exchange=SMART&currency=HKD
<- 200 GET /v1/api/iserver/secdef/search?symbol=1&secType=STK&exchange=SMART&currency=HKD
-> GET /v1/api/iserver/marketdata/snapshot?conids=187019926&fields=31%2C84%2C85%2C86%2C87%2C88%2C70%2C71%2C72%2C73
<- 200 GET /v1/api/iserver/marketdata/snapshot?conids=187019926&fields=31%2C84%2C85%2C86%2C87%2C88%2C70%2C71%2C72%2C73
-> GET /v1/api/iserver/auth/status
<- 200 GET /v1/api/iserver/auth/status
-> GET /v1/api/iserver/marketdata/snapshot?conids=187019926&fields=31%2C84%2C85%2C86%2C87%2C88%2C70%2C71%2C72%2C73
<- 200 GET /v1/api/iserver/marketdata/snapshot?conids=187019926&fields=31%2C84%2C85%2C86%2C87%2C88%2C70%2C71%2C72%2C73
-> GET /v1/api/iserver/secdef/search?symbol=0001&secType=STK&exchange=SEHK&currency=HKD
<- 200 GET /v1/api/iserver/secdef/search?symbol=0001&secType=STK&exchange=SEHK&currency=HKD
-> request: /v1/api/tickle
-> GET /v1/api/tickle,200|284ms
-> request: /v1/api/tickle
-> GET /v1/api/tickle,200|332ms
-> request: /v1/api/tickle
-> GET /v1/api/tickle,200|314ms
-> GET /v1/api/iserver/auth/status
<- 200 GET /v1/api/iserver/auth/status
-> GET /v1/api/iserver/secdef/search?symbol=AAPL&secType=STK&exchange=SMART&currency=USD
<- 200 GET /v1/api/iserver/secdef/search?symbol=AAPL&secType=STK&exchange=SMART&currency=USD
-> GET /v1/api/iserver/marketdata/snapshot?conids=265598&fields=31%2C84%2C85%2C86%2C87%2C88%2C70%2C71%2C72%2C73
<- 200 GET /v1/api/iserver/marketdata/snapshot?conids=265598&fields=31%2C84%2C85%2C86%2C87%2C88%2C70%2C71%2C72%2C73
-> request: /v1/api/tickle
-> GET /v1/api/tickle,200|277ms
-> request: /sso/ping
-> GET /sso/ping,200|277ms
-> request: /v1/api/tickle
-> GET /v1/api/tickle,200|306ms
-> GET /v1/api/iserver/auth/status
<- 200 GET /v1/api/iserver/auth/status
-> GET /v1/api/iserver/secdef/search?symbol=AAPL&secType=STK&exchange=SMART&currency=USD
<- 200 GET /v1/api/iserver/secdef/search?symbol=AAPL&secType=STK&exchange=SMART&currency=USD
-> GET /v1/api/iserver/marketdata/snapshot?conids=265598&fields=31%2C84%2C85%2C86%2C87%2C88%2C70%2C71%2C72%2C73
<- 200 GET /v1/api/iserver/marketdata/snapshot?conids=265598&fields=31%2C84%2C85%2C86%2C87%2C88%2C70%2C71%2C72%2C73
-> request: /v1/api/tickle
-> GET /v1/api/tickle,200|313ms
-> request: /v1/api/tickle
-> GET /v1/api/tickle,200|289ms
-> request: /v1/api/tickle
-> GET /v1/api/tickle,200|503ms
-> request: /v1/api/tickle
-> GET /v1/api/tickle,200|360ms
-> request: /v1/api/tickle
-> GET /v1/api/tickle,200|309ms
-> request: /v1/api/tickle
-> GET /v1/api/tickle,200|369ms
-> request: /v1/api/tickle
-> GET /v1/api/tickle,200|280ms
-> GET /v1/api/iserver/auth/status
<- 200 GET /v1/api/iserver/auth/status
-> GET /v1/api/iserver/secdef/search?symbol=AAPL&secType=STK&exchange=SMART&currency=USD
<- 200 GET /v1/api/iserver/secdef/search?symbol=AAPL&secType=STK&exchange=SMART&currency=USD
-> GET /v1/api/iserver/marketdata/snapshot?conids=265598&fields=31%2C84%2C85%2C86%2C87%2C88%2C70%2C71%2C72%2C73
<- 200 GET /v1/api/iserver/marketdata/snapshot?conids=265598&fields=31%2C84%2C85%2C86%2C87%2C88%2C70%2C71%2C72%2C73
-> request: /v1/api/tickle
-> GET /v1/api/tickle,200|309ms
-> request: /v1/api/tickle
-> GET /v1/api/tickle,200|277ms
-> GET /v1/api/iserver/auth/status
<- 200 GET /v1/api/iserver/auth/status
-> GET /v1/api/iserver/secdef/search?symbol=AAPL&secType=STK&exchange=SMART&currency=USD
<- 200 GET /v1/api/iserver/secdef/search?symbol=AAPL&secType=STK&exchange=SMART&currency=USD
-> request: /sso/ping
-> GET /sso/ping,200|328ms
-> GET /v1/api/iserver/marketdata/snapshot?conids=265598&fields=31%2C84%2C85%2C86%2C87%2C88%2C70%2C71%2C72%2C73
<- 200 GET /v1/api/iserver/marketdata/snapshot?conids=265598&fields=31%2C84%2C85%2C86%2C87%2C88%2C70%2C71%2C72%2C73
-> request: /v1/api/tickle
-> GET /v1/api/tickle,200|422ms
-> request: /v1/api/tickle
-> GET /v1/api/tickle,200|300ms
-> request: /v1/api/tickle
-> GET /v1/api/tickle,200|405ms
-> request: /v1/api/tickle
-> GET /v1/api/tickle,200|367ms
-> request: /v1/api/tickle
-> GET /v1/api/tickle,200|293ms
-> request: /v1/api/tickle
-> GET /v1/api/tickle,200|279ms
-> request: /v1/api/tickle
-> GET /v1/api/tickle,200|411ms
-> request: /v1/api/tickle
-> GET /v1/api/tickle,200|387ms
-> request: /v1/api/tickle
-> GET /v1/api/tickle,200|496ms
-> request: /v1/api/tickle
-> GET /v1/api/tickle,200|322ms
-> request: /sso/ping
-> GET /sso/ping,200|335ms
-> request: /v1/api/tickle
-> GET /v1/api/tickle,200|307ms
-> request: /v1/api/tickle
-> GET /v1/api/tickle,200|300ms
-> request: /v1/api/tickle
-> GET /v1/api/tickle,200|275ms
-> request: /v1/api/tickle
-> GET /v1/api/tickle,200|300ms
-> request: /v1/api/tickle
-> GET /v1/api/tickle,200|842ms
-> request: /v1/api/tickle
-> GET /v1/api/tickle,200|272ms
-> request: /v1/api/tickle
-> GET /v1/api/tickle,200|367ms
-> request: /v1/api/tickle
-> GET /v1/api/tickle,200|338ms
-> request: /v1/api/tickle
-> GET /v1/api/tickle,200|293ms
-> request: /v1/api/tickle
-> GET /v1/api/tickle,200|403ms
-> request: /sso/ping
-> GET /sso/ping,200|324ms
-> request: /v1/api/tickle
-> GET /v1/api/tickle,200|275ms
-> request: /v1/api/tickle
-> GET /v1/api/tickle,200|727ms
-> request: /v1/api/tickle
-> GET /v1/api/tickle,200|372ms
-> request: /v1/api/tickle
-> GET /v1/api/tickle,200|289ms
-> request: /v1/api/tickle
-> GET /v1/api/tickle,200|277ms
-> request: /v1/api/tickle
-> GET /v1/api/tickle,200|288ms
-> request: /v1/api/tickle
-> GET /v1/api/tickle,200|273ms
-> request: /v1/api/tickle
-> GET /v1/api/tickle,200|280ms
-> request: /v1/api/tickle
-> GET /v1/api/tickle,200|274ms
-> request: /v1/api/tickle
-> GET /v1/api/tickle,200|277ms
-> request: /sso/ping
-> GET /sso/ping,200|271ms
-> request: /v1/api/tickle
-> GET /v1/api/tickle,200|277ms
-> request: /v1/api/tickle
-> GET /v1/api/tickle,200|293ms
-> request: /v1/api/tickle
-> GET /v1/api/tickle,200|301ms
-> request: /v1/api/tickle
-> GET /v1/api/tickle,200|276ms
-> request: /v1/api/tickle
-> GET /v1/api/tickle,200|274ms
-> request: /v1/api/tickle
-> GET /v1/api/tickle,200|318ms
-> request: /v1/api/tickle
-> GET /v1/api/tickle,200|297ms
-> request: /v1/api/tickle
-> GET /v1/api/tickle,200|302ms
-> request: /v1/api/tickle
-> GET /v1/api/tickle,200|347ms
-> request: /v1/api/tickle
-> GET /v1/api/tickle,200|312ms
-> request: /sso/ping
-> GET /sso/ping,200|599ms
-> request: /v1/api/tickle
-> GET /v1/api/tickle,200|542ms
-> request: /v1/api/tickle
-> GET /v1/api/tickle,200|344ms
-> request: /v1/api/tickle
-> GET /v1/api/tickle,200|313ms
-> request: /v1/api/tickle
-> GET /v1/api/tickle,200|326ms
-> request: /v1/api/tickle
-> GET /v1/api/tickle,200|275ms
-> request: /v1/api/tickle
-> GET /v1/api/tickle,200|275ms
-> request: /v1/api/tickle
-> GET /v1/api/tickle,200|302ms
-> request: /v1/api/tickle
-> GET /v1/api/tickle,200|278ms
-> request: /v1/api/tickle
-> GET /v1/api/tickle,200|306ms
-> request: /v1/api/tickle
-> GET /v1/api/tickle,200|270ms
-> request: /sso/ping
-> GET /sso/ping,200|272ms
-> request: /v1/api/tickle
-> GET /v1/api/tickle,200|315ms
-> request: /v1/api/tickle
-> GET /v1/api/tickle,200|271ms
-> request: /v1/api/tickle
-> GET /v1/api/tickle,200|295ms
-> request: /v1/api/tickle
-> GET /v1/api/tickle,200|274ms
-> request: /v1/api/tickle
-> GET /v1/api/tickle,200|271ms
-> request: /v1/api/tickle
-> GET /v1/api/tickle,200|276ms
-> request: /v1/api/tickle
-> GET /v1/api/tickle,200|281ms
-> request: /v1/api/tickle
-> GET /v1/api/tickle,200|280ms
-> request: /v1/api/tickle
-> GET /v1/api/tickle,200|273ms
-> request: /v1/api/tickle
-> GET /v1/api/tickle,200|274ms
-> request: /sso/ping
-> GET /sso/ping,200|285ms
-> request: /v1/api/tickle
-> GET /v1/api/tickle,200|329ms
-> request: /v1/api/tickle
-> GET /v1/api/tickle,200|270ms
-> request: /v1/api/tickle
-> GET /v1/api/tickle,200|290ms
-> request: /v1/api/tickle
-> GET /v1/api/tickle,200|270ms
-> request: /v1/api/tickle
-> GET /v1/api/tickle,200|378ms
-> request: /v1/api/tickle
-> GET /v1/api/tickle,200|304ms
-> GET /v1/api/iserver/auth/status
<- 200 GET /v1/api/iserver/auth/status
-> GET /v1/api/iserver/secdef/search?symbol=AAPL&secType=STK&exchange=SMART&currency=USD
<- 200 GET /v1/api/iserver/secdef/search?symbol=AAPL&secType=STK&exchange=SMART&currency=USD
-> GET /v1/api/iserver/marketdata/snapshot?conids=265598&fields=31%2C84%2C85%2C86%2C87%2C88%2C70%2C71%2C72%2C73
<- 200 GET /v1/api/iserver/marketdata/snapshot?conids=265598&fields=31%2C84%2C85%2C86%2C87%2C88%2C70%2C71%2C72%2C73
-> GET /v1/api/iserver/auth/status
<- 200 GET /v1/api/iserver/auth/status
-> GET /v1/api/iserver/secdef/search?symbol=AAPL&secType=STK&exchange=SMART&currency=USD
<- 200 GET /v1/api/iserver/secdef/search?symbol=AAPL&secType=STK&exchange=SMART&currency=USD
-> GET /v1/api/iserver/marketdata/snapshot?conids=265598&fields=31%2C84%2C85%2C86%2C87%2C88%2C70%2C71%2C72%2C73
<- 200 GET /v1/api/iserver/marketdata/snapshot?conids=265598&fields=31%2C84%2C85%2C86%2C87%2C88%2C70%2C71%2C72%2C73
-> request: /v1/api/tickle
-> GET /v1/api/tickle,200|422ms
-> GET /v1/api/iserver/auth/status
<- 200 GET /v1/api/iserver/auth/status
-> GET /v1/api/iserver/secdef/search?symbol=AAPL&secType=STK&exchange=SMART&currency=USD
<- 200 GET /v1/api/iserver/secdef/search?symbol=AAPL&secType=STK&exchange=SMART&currency=USD
-> GET /v1/api/iserver/marketdata/snapshot?conids=265598&fields=31%2C84%2C85%2C86%2C87%2C88%2C70%2C71%2C72%2C73
<- 200 GET /v1/api/iserver/marketdata/snapshot?conids=265598&fields=31%2C84%2C85%2C86%2C87%2C88%2C70%2C71%2C72%2C73
-> GET /v1/api/iserver/auth/status
<- 200 GET /v1/api/iserver/auth/status
-> GET /v1/api/iserver/secdef/search?symbol=AAPL&secType=STK&exchange=SMART&currency=USD
<- 200 GET /v1/api/iserver/secdef/search?symbol=AAPL&secType=STK&exchange=SMART&currency=USD
-> GET /v1/api/iserver/marketdata/snapshot?conids=265598&fields=31%2C84%2C85%2C86%2C87%2C88%2C70%2C71%2C72%2C73
<- 200 GET /v1/api/iserver/marketdata/snapshot?conids=265598&fields=31%2C84%2C85%2C86%2C87%2C88%2C70%2C71%2C72%2C73
-> request: /v1/api/tickle
-> GET /v1/api/tickle,200|300ms
-> GET /v1/api/iserver/auth/status
<- 200 GET /v1/api/iserver/auth/status
-> GET /v1/api/iserver/secdef/search?symbol=AAPL&secType=STK&exchange=SMART&currency=USD
<- 200 GET /v1/api/iserver/secdef/search?symbol=AAPL&secType=STK&exchange=SMART&currency=USD
-> GET /v1/api/iserver/marketdata/snapshot?conids=265598&fields=31%2C84%2C85%2C86%2C87%2C88%2C70%2C71%2C72%2C73
<- 200 GET /v1/api/iserver/marketdata/snapshot?conids=265598&fields=31%2C84%2C85%2C86%2C87%2C88%2C70%2C71%2C72%2C73
-> GET /v1/api/iserver/auth/status
<- 200 GET /v1/api/iserver/auth/status
-> GET /v1/api/iserver/secdef/search?symbol=AAPL&secType=STK&exchange=SMART&currency=USD
<- 200 GET /v1/api/iserver/secdef/search?symbol=AAPL&secType=STK&exchange=SMART&currency=USD
-> GET /v1/api/iserver/marketdata/snapshot?conids=265598&fields=31%2C84%2C85%2C86%2C87%2C88%2C70%2C71%2C72%2C73
<- 200 GET /v1/api/iserver/marketdata/snapshot?conids=265598&fields=31%2C84%2C85%2C86%2C87%2C88%2C70%2C71%2C72%2C73
-> request: /v1/api/tickle
-> GET /v1/api/tickle,200|278ms
-> GET /v1/api/iserver/auth/status
<- 200 GET /v1/api/iserver/auth/status
-> GET /v1/api/iserver/auth/status
<- 200 GET /v1/api/iserver/auth/status
-> GET /v1/api/iserver/secdef/search?symbol=700&secType=STK&exchange=HKEX&currency=HKD
<- 200 GET /v1/api/iserver/secdef/search?symbol=700&secType=STK&exchange=HKEX&currency=HKD
-> GET /v1/api/iserver/marketdata/snapshot?conids=152791428&fields=31%2C84%2C85%2C86%2C87%2C88%2C70%2C71%2C72%2C73
<- 200 GET /v1/api/iserver/marketdata/snapshot?conids=152791428&fields=31%2C84%2C85%2C86%2C87%2C88%2C70%2C71%2C72%2C73
-> GET /v1/api/iserver/auth/status
<- 200 GET /v1/api/iserver/auth/status
-> GET /v1/api/iserver/secdef/search?symbol=AAPL&secType=STK&exchange=SMART&currency=USD
<- 200 GET /v1/api/iserver/secdef/search?symbol=AAPL&secType=STK&exchange=SMART&currency=USD
-> GET /v1/api/iserver/marketdata/snapshot?conids=265598&fields=31%2C84%2C85%2C86%2C87%2C88%2C70%2C71%2C72%2C73
<- 200 GET /v1/api/iserver/marketdata/snapshot?conids=265598&fields=31%2C84%2C85%2C86%2C87%2C88%2C70%2C71%2C72%2C73
-> request: /v1/api/tickle
-> GET /v1/api/tickle,200|277ms
-> request: /sso/ping
-> GET /sso/ping,200|264ms
-> request: /v1/api/tickle
-> GET /v1/api/tickle,200|367ms
-> request: /v1/api/tickle
-> GET /v1/api/tickle,200|306ms
-> request: /v1/api/tickle
-> GET /v1/api/tickle,200|281ms
-> GET /v1/api/iserver/auth/status
<- 200 GET /v1/api/iserver/auth/status
-> GET /v1/api/iserver/secdef/search?symbol=AAPL&secType=STK&exchange=SMART&currency=USD
<- 200 GET /v1/api/iserver/secdef/search?symbol=AAPL&secType=STK&exchange=SMART&currency=USD
-> GET /v1/api/iserver/marketdata/snapshot?conids=265598&fields=31%2C84%2C85%2C86%2C87%2C88%2C70%2C71%2C72%2C73
<- 200 GET /v1/api/iserver/marketdata/snapshot?conids=265598&fields=31%2C84%2C85%2C86%2C87%2C88%2C70%2C71%2C72%2C73
-> GET /v1/api/iserver/auth/status
<- 200 GET /v1/api/iserver/auth/status
-> GET /v1/api/iserver/secdef/search?symbol=700&secType=STK&exchange=SEHK&currency=HKD
<- 200 GET /v1/api/iserver/secdef/search?symbol=700&secType=STK&exchange=SEHK&currency=HKD
-> GET /v1/api/iserver/marketdata/snapshot?conids=152791428&fields=31%2C84%2C85%2C86%2C87%2C88%2C70%2C71%2C72%2C73
<- 200 GET /v1/api/iserver/marketdata/snapshot?conids=152791428&fields=31%2C84%2C85%2C86%2C87%2C88%2C70%2C71%2C72%2C73
-> request: /v1/api/tickle
-> GET /v1/api/tickle,200|353ms
-> request: /v1/api/tickle
-> GET /v1/api/tickle,200|344ms
-> request: /v1/api/tickle
-> GET /v1/api/tickle,200|276ms
-> request: /v1/api/tickle
-> GET /v1/api/tickle,200|404ms
-> request: /v1/api/tickle
-> GET /v1/api/tickle,200|277ms
-> request: /v1/api/tickle
-> GET /v1/api/tickle,200|315ms
-> request: /v1/api/tickle
-> GET /v1/api/tickle,200|272ms
-> request: /sso/ping
-> GET /sso/ping,200|294ms
-> request: /v1/api/tickle
-> GET /v1/api/tickle,200|274ms
-> request: /v1/api/tickle
-> GET /v1/api/tickle,200|294ms
-> request: /v1/api/tickle
-> GET /v1/api/tickle,200|292ms
-> request: /v1/api/tickle
-> GET /v1/api/tickle,200|291ms
-> GET /v1/api/iserver/auth/status
<- 200 GET /v1/api/iserver/auth/status
-> GET /v1/api/iserver/secdef/search?symbol=AAPL&secType=STK&exchange=SMART&currency=USD
<- 200 GET /v1/api/iserver/secdef/search?symbol=AAPL&secType=STK&exchange=SMART&currency=USD
-> GET /v1/api/iserver/marketdata/snapshot?conids=265598&fields=31%2C84%2C85%2C86%2C87%2C88%2C70%2C71%2C72%2C73
<- 200 GET /v1/api/iserver/marketdata/snapshot?conids=265598&fields=31%2C84%2C85%2C86%2C87%2C88%2C70%2C71%2C72%2C73
-> GET /v1/api/iserver/auth/status
<- 200 GET /v1/api/iserver/auth/status
-> GET /v1/api/iserver/secdef/search?symbol=700&secType=STK&exchange=SEHK&currency=HKD
<- 200 GET /v1/api/iserver/secdef/search?symbol=700&secType=STK&exchange=SEHK&currency=HKD
-> GET /v1/api/iserver/marketdata/snapshot?conids=152791428&fields=31%2C84%2C85%2C86%2C87%2C88%2C70%2C71%2C72%2C73
<- 200 GET /v1/api/iserver/marketdata/snapshot?conids=152791428&fields=31%2C84%2C85%2C86%2C87%2C88%2C70%2C71%2C72%2C73
-> GET /v1/api/iserver/auth/status
<- 200 GET /v1/api/iserver/auth/status
-> GET /v1/api/iserver/secdef/search?symbol=D05&secType=STK&exchange=SGX&currency=SGD
<- 200 GET /v1/api/iserver/secdef/search?symbol=D05&secType=STK&exchange=SGX&currency=SGD
-> GET /v1/api/iserver/marketdata/snapshot?conids=15785538&fields=31%2C84%2C85%2C86%2C87%2C88%2C70%2C71%2C72%2C73
<- 200 GET /v1/api/iserver/marketdata/snapshot?conids=15785538&fields=31%2C84%2C85%2C86%2C87%2C88%2C70%2C71%2C72%2C73
-> GET /v1/api/iserver/auth/status
<- 200 GET /v1/api/iserver/auth/status
-> GET /v1/api/iserver/secdef/search?symbol=O39&secType=STK&exchange=SGX&currency=SGD
<- 200 GET /v1/api/iserver/secdef/search?symbol=O39&secType=STK&exchange=SGX&currency=SGD
-> GET /v1/api/iserver/marketdata/snapshot?conids=15785520&fields=31%2C84%2C85%2C86%2C87%2C88%2C70%2C71%2C72%2C73
<- 200 GET /v1/api/iserver/marketdata/snapshot?conids=15785520&fields=31%2C84%2C85%2C86%2C87%2C88%2C70%2C71%2C72%2C73
-> request: /v1/api/tickle
-> GET /v1/api/tickle,200|317ms
-> GET /v1/api/iserver/auth/status
<- 200 GET /v1/api/iserver/auth/status
-> GET /v1/api/iserver/secdef/search?symbol=600519&secType=STK&exchange=SEHKNTL&currency=CNH
<- 200 GET /v1/api/iserver/secdef/search?symbol=600519&secType=STK&exchange=SEHKNTL&currency=CNH
-> GET /v1/api/iserver/marketdata/snapshot?conids=165302790&fields=31%2C84%2C85%2C86%2C87%2C88%2C70%2C71%2C72%2C73
<- 200 GET /v1/api/iserver/marketdata/snapshot?conids=165302790&fields=31%2C84%2C85%2C86%2C87%2C88%2C70%2C71%2C72%2C73
-> GET /v1/api/iserver/auth/status
<- 200 GET /v1/api/iserver/auth/status
-> GET /v1/api/iserver/secdef/search?symbol=601398&secType=STK&exchange=SEHKNTL&currency=CNH
<- 200 GET /v1/api/iserver/secdef/search?symbol=601398&secType=STK&exchange=SEHKNTL&currency=CNH
-> GET /v1/api/iserver/marketdata/snapshot?conids=165301397&fields=31%2C84%2C85%2C86%2C87%2C88%2C70%2C71%2C72%2C73
<- 200 GET /v1/api/iserver/marketdata/snapshot?conids=165301397&fields=31%2C84%2C85%2C86%2C87%2C88%2C70%2C71%2C72%2C73
-> GET /v1/api/iserver/auth/status
<- 200 GET /v1/api/iserver/auth/status
-> GET /v1/api/iserver/secdef/search?symbol=000001&secType=STK&exchange=SEHKSZSE&currency=CNH
<- 200 GET /v1/api/iserver/secdef/search?symbol=000001&secType=STK&exchange=SEHKSZSE&currency=CNH
-> GET /v1/api/iserver/marketdata/snapshot?conids=257310549&fields=31%2C84%2C85%2C86%2C87%2C88%2C70%2C71%2C72%2C73
<- 200 GET /v1/api/iserver/marketdata/snapshot?conids=257310549&fields=31%2C84%2C85%2C86%2C87%2C88%2C70%2C71%2C72%2C73
-> GET /v1/api/iserver/auth/status
<- 200 GET /v1/api/iserver/auth/status
-> GET /v1/api/iserver/secdef/search?symbol=000002&secType=STK&exchange=SEHKSZSE&currency=CNH
<- 200 GET /v1/api/iserver/secdef/search?symbol=000002&secType=STK&exchange=SEHKSZSE&currency=CNH
-> GET /v1/api/iserver/marketdata/snapshot?conids=257312413&fields=31%2C84%2C85%2C86%2C87%2C88%2C70%2C71%2C72%2C73
<- 200 GET /v1/api/iserver/marketdata/snapshot?conids=257312413&fields=31%2C84%2C85%2C86%2C87%2C88%2C70%2C71%2C72%2C73
-> request: /v1/api/tickle
-> GET /v1/api/tickle,200|333ms
-> request: /v1/api/tickle
-> GET /v1/api/tickle,200|290ms
-> GET /v1/api/iserver/auth/status
<- 200 GET /v1/api/iserver/auth/status
-> GET /v1/api/iserver/secdef/search?symbol=AAPL&secType=STK&exchange=SMART&currency=USD
<- 200 GET /v1/api/iserver/secdef/search?symbol=AAPL&secType=STK&exchange=SMART&currency=USD
-> GET /v1/api/iserver/marketdata/snapshot?conids=265598&fields=31%2C84%2C85%2C86%2C87%2C88%2C70%2C71%2C72%2C73
<- 200 GET /v1/api/iserver/marketdata/snapshot?conids=265598&fields=31%2C84%2C85%2C86%2C87%2C88%2C70%2C71%2C72%2C73
-> GET /v1/api/iserver/auth/status
<- 200 GET /v1/api/iserver/auth/status
-> GET /v1/api/iserver/secdef/search?symbol=700&secType=STK&exchange=SEHK&currency=HKD
<- 200 GET /v1/api/iserver/secdef/search?symbol=700&secType=STK&exchange=SEHK&currency=HKD
-> GET /v1/api/iserver/marketdata/snapshot?conids=152791428&fields=31%2C84%2C85%2C86%2C87%2C88%2C70%2C71%2C72%2C73
<- 200 GET /v1/api/iserver/marketdata/snapshot?conids=152791428&fields=31%2C84%2C85%2C86%2C87%2C88%2C70%2C71%2C72%2C73
-> request: /v1/api/tickle
-> GET /v1/api/tickle,200|300ms
-> request: /v1/api/tickle
-> GET /v1/api/tickle,200|286ms
-> GET /v1/api/iserver/auth/status
<- 200 GET /v1/api/iserver/auth/status
-> GET /v1/api/iserver/secdef/search?symbol=AAPL&secType=STK&exchange=SMART&currency=USD
<- 200 GET /v1/api/iserver/secdef/search?symbol=AAPL&secType=STK&exchange=SMART&currency=USD
-> GET /v1/api/iserver/marketdata/snapshot?conids=265598&fields=31%2C84%2C85%2C86%2C87%2C88%2C70%2C71%2C72%2C73
<- 200 GET /v1/api/iserver/marketdata/snapshot?conids=265598&fields=31%2C84%2C85%2C86%2C87%2C88%2C70%2C71%2C72%2C73
-> GET /v1/api/iserver/auth/status
<- 200 GET /v1/api/iserver/auth/status
-> GET /v1/api/iserver/secdef/search?symbol=700&secType=STK&exchange=SEHK&currency=HKD
<- 200 GET /v1/api/iserver/secdef/search?symbol=700&secType=STK&exchange=SEHK&currency=HKD
-> GET /v1/api/iserver/marketdata/snapshot?conids=152791428&fields=31%2C84%2C85%2C86%2C87%2C88%2C70%2C71%2C72%2C73
<- 200 GET /v1/api/iserver/marketdata/snapshot?conids=152791428&fields=31%2C84%2C85%2C86%2C87%2C88%2C70%2C71%2C72%2C73
-> request: /v1/api/tickle
-> GET /v1/api/tickle,200|279ms
-> request: /sso/ping
-> GET /sso/ping,200|353ms
-> request: /v1/api/tickle
-> GET /v1/api/tickle,200|276ms
-> request: /v1/api/tickle
-> GET /v1/api/tickle,200|280ms
-> request: /v1/api/tickle
-> GET /v1/api/tickle,200|279ms
-> request: /v1/api/tickle
-> GET /v1/api/tickle,200|345ms
-> request: /v1/api/tickle
-> GET /v1/api/tickle,200|372ms
-> request: /v1/api/tickle
-> GET /v1/api/tickle,200|277ms
-> request: /v1/api/tickle
-> GET /v1/api/tickle,200|265ms
-> GET /v1/api/iserver/auth/status
<- 200 GET /v1/api/iserver/auth/status
-> GET /v1/api/iserver/secdef/search?symbol=AAPL&secType=STK&exchange=SMART&currency=USD
<- 200 GET /v1/api/iserver/secdef/search?symbol=AAPL&secType=STK&exchange=SMART&currency=USD
-> GET /v1/api/iserver/marketdata/snapshot?conids=265598&fields=31%2C84%2C85%2C86%2C87%2C88%2C70%2C71%2C72%2C73
<- 200 GET /v1/api/iserver/marketdata/snapshot?conids=265598&fields=31%2C84%2C85%2C86%2C87%2C88%2C70%2C71%2C72%2C73
-> GET /v1/api/iserver/auth/status
<- 200 GET /v1/api/iserver/auth/status
-> GET /v1/api/iserver/secdef/search?symbol=700&secType=STK&exchange=SEHK&currency=HKD
<- 200 GET /v1/api/iserver/secdef/search?symbol=700&secType=STK&exchange=SEHK&currency=HKD
-> GET /v1/api/iserver/marketdata/snapshot?conids=152791428&fields=31%2C84%2C85%2C86%2C87%2C88%2C70%2C71%2C72%2C73
<- 200 GET /v1/api/iserver/marketdata/snapshot?conids=152791428&fields=31%2C84%2C85%2C86%2C87%2C88%2C70%2C71%2C72%2C73
-> request: /v1/api/tickle
-> GET /v1/api/tickle,200|272ms
-> request: /v1/api/tickle
-> GET /v1/api/tickle,200|282ms
-> request: /v1/api/tickle
-> GET /v1/api/tickle,200|273ms
-> request: /sso/ping
-> GET /sso/ping,200|524ms
-> request: /v1/api/tickle
-> GET /v1/api/tickle,200|325ms
-> request: /v1/api/tickle
-> GET /v1/api/tickle,200|445ms
-> request: /v1/api/tickle
-> GET /v1/api/tickle,200|330ms
-> request: /v1/api/tickle
-> GET /v1/api/tickle,200|291ms
-> request: /v1/api/tickle
-> GET /v1/api/tickle,200|366ms
-> request: /v1/api/tickle
-> GET /v1/api/tickle,200|316ms
-> request: /v1/api/tickle
-> GET /v1/api/tickle,200|338ms
-> request: /v1/api/tickle
-> GET /v1/api/tickle,200|346ms
-> request: /v1/api/tickle
-> GET /v1/api/tickle,200|275ms
-> request: /v1/api/tickle
-> GET /v1/api/tickle,200|294ms
-> request: /sso/ping
-> GET /sso/ping,200|286ms
-> request: /v1/api/tickle
-> GET /v1/api/tickle,200|289ms
-> request: /v1/api/tickle
-> GET /v1/api/tickle,200|305ms
-> request: /v1/api/tickle
-> GET /v1/api/tickle,200|297ms
-> request: /v1/api/tickle
-> GET /v1/api/tickle,200|292ms
-> request: /v1/api/tickle
-> GET /v1/api/tickle,200|291ms
-> request: /v1/api/tickle
-> GET /v1/api/tickle,200|320ms
-> request: /v1/api/tickle
-> GET /v1/api/tickle,200|288ms
-> request: /v1/api/tickle
-> GET /v1/api/tickle,200|472ms
-> request: /v1/api/tickle
-> GET /v1/api/tickle,200|295ms
-> request: /v1/api/tickle
-> GET /v1/api/tickle,200|286ms
-> request: /sso/ping
-> GET /sso/ping,200|287ms
-> request: /v1/api/tickle
-> GET /v1/api/tickle,200|301ms
-> request: /v1/api/tickle
-> GET /v1/api/tickle,200|509ms
-> request: /v1/api/tickle
-> GET /v1/api/tickle,200|361ms
-> request: /v1/api/tickle
-> GET /v1/api/tickle,200|359ms
-> request: /v1/api/tickle
-> GET /v1/api/tickle,200|353ms
-> request: /v1/api/tickle
-> GET /v1/api/tickle,200|352ms
-> request: /v1/api/tickle
-> GET /v1/api/tickle,200|334ms
-> request: /v1/api/tickle
-> GET /v1/api/tickle,200|388ms
-> request: /v1/api/tickle
-> GET /v1/api/tickle,200|321ms
-> request: /v1/api/tickle
-> GET /v1/api/tickle,200|430ms
-> request: /sso/ping
-> GET /sso/ping,200|319ms
-> request: /v1/api/tickle
-> GET /v1/api/tickle,200|356ms
-> request: /v1/api/tickle
-> GET /v1/api/tickle,200|372ms
-> request: /v1/api/tickle
-> GET /v1/api/tickle,200|315ms
-> request: /v1/api/tickle
-> GET /v1/api/tickle,200|290ms
-> request: /v1/api/tickle
-> GET /v1/api/tickle,200|319ms
-> request: /v1/api/tickle
-> GET /v1/api/tickle,200|289ms
-> request: /v1/api/tickle
-> GET /v1/api/tickle,200|431ms
-> request: /v1/api/tickle
-> GET /v1/api/tickle,200|426ms
-> request: /v1/api/tickle
-> GET /v1/api/tickle,200|338ms
-> request: /v1/api/tickle
-> GET /v1/api/tickle,200|301ms
-> request: /sso/ping
-> GET /sso/ping,200|388ms
-> request: /v1/api/tickle
-> GET /v1/api/tickle,200|320ms
-> request: /v1/api/tickle
-> GET /v1/api/tickle,200|315ms
-> request: /v1/api/tickle
-> GET /v1/api/tickle,200|287ms
-> request: /v1/api/tickle
-> GET /v1/api/tickle,200|304ms
-> request: /v1/api/tickle
-> GET /v1/api/tickle,200|404ms
-> request: /v1/api/tickle
-> GET /v1/api/tickle,200|561ms
-> request: /v1/api/tickle
-> GET /v1/api/tickle,200|444ms
-> request: /v1/api/tickle
-> GET /v1/api/tickle,200|478ms
-> request: /v1/api/tickle
-> GET /v1/api/tickle,200|292ms
-> request: /v1/api/tickle
-> GET /v1/api/tickle,200|321ms
-> request: /sso/ping
-> GET /sso/ping,200|304ms
-> request: /v1/api/tickle
-> GET /v1/api/tickle,200|299ms
-> request: /v1/api/tickle
-> GET /v1/api/tickle,200|320ms
-> request: /v1/api/tickle
-> GET /v1/api/tickle,200|330ms
-> request: /v1/api/tickle
-> GET /v1/api/tickle,200|470ms
-> request: /v1/api/tickle
-> GET /v1/api/tickle,200|305ms
-> request: /v1/api/tickle
-> GET /v1/api/tickle,200|396ms
-> request: /v1/api/tickle
-> GET /v1/api/tickle,200|333ms
-> request: /v1/api/tickle
-> GET /v1/api/tickle,200|287ms
-> request: /v1/api/tickle
-> GET /v1/api/tickle,200|573ms
-> request: /v1/api/tickle
-> GET /v1/api/tickle,200|280ms
-> request: /sso/ping
-> GET /sso/ping,200|332ms
-> request: /v1/api/tickle
-> GET /v1/api/tickle,200|268ms
-> request: /v1/api/tickle
-> GET /v1/api/tickle,200|267ms
-> request: /v1/api/tickle
-> GET /v1/api/tickle,200|296ms
-> request: /v1/api/tickle
-> GET /v1/api/tickle,200|302ms
-> request: /v1/api/tickle
-> GET /v1/api/tickle,200|302ms
-> request: /v1/api/tickle
-> GET /v1/api/tickle,200|267ms
-> request: /v1/api/tickle
-> GET /v1/api/tickle,200|260ms
-> request: /v1/api/tickle
-> GET /v1/api/tickle,200|295ms
-> request: /v1/api/tickle
-> GET /v1/api/tickle,200|323ms
-> request: /v1/api/tickle
-> GET /v1/api/tickle,200|266ms
-> request: /sso/ping
-> GET /sso/ping,200|279ms
-> request: /v1/api/tickle
-> GET /v1/api/tickle,200|264ms
-> request: /v1/api/tickle
-> GET /v1/api/tickle,200|288ms
-> request: /v1/api/tickle
-> GET /v1/api/tickle,200|294ms
-> request: /v1/api/tickle
-> GET /v1/api/tickle,200|951ms
-> request: /v1/api/tickle
-> GET /v1/api/tickle,200|464ms
-> request: /v1/api/tickle
-> GET /v1/api/tickle,200|2415ms
-> request: /v1/api/tickle
-> GET /v1/api/tickle,200|264ms
-> request: /v1/api/tickle
-> GET /v1/api/tickle,200|284ms
-> request: /v1/api/tickle
-> GET /v1/api/tickle,200|2013ms
-> request: /v1/api/tickle
-> GET /v1/api/tickle,200|324ms
-> request: /sso/ping
-> GET /sso/ping,200|5811ms
-> request: /v1/api/tickle
-> GET /v1/api/tickle,200|307ms
-> request: /v1/api/tickle
-> GET /v1/api/tickle,200|294ms
-> request: /v1/api/tickle
-> GET /v1/api/tickle,200|1613ms
-> request: /v1/api/tickle
-> GET /v1/api/tickle,200|280ms
-> request: /v1/api/tickle
-> GET /v1/api/tickle,200|2640ms
-> request: /v1/api/tickle
-> GET /v1/api/tickle,200|258ms
-> request: /v1/api/tickle
-> GET /v1/api/tickle,200|269ms
-> request: /v1/api/tickle
-> GET /v1/api/tickle,200|1555ms
-> request: /v1/api/tickle
-> GET /v1/api/tickle,200|418ms
-> request: /v1/api/tickle
-> GET /v1/api/tickle,200|1193ms
-> request: /sso/ping
-> GET /sso/ping,200|260ms
-> request: /v1/api/tickle
-> GET /v1/api/tickle,200|277ms
-> request: /v1/api/tickle
-> GET /v1/api/tickle,200|1201ms
-> request: /v1/api/tickle
-> GET /v1/api/tickle,200|287ms
-> request: /v1/api/tickle
-> GET /v1/api/tickle,200|579ms
-> request: /v1/api/tickle
-> GET /v1/api/tickle,200|307ms
-> request: /v1/api/tickle
-> GET /v1/api/tickle,200|309ms
-> request: /v1/api/tickle
-> GET /v1/api/tickle,200|585ms
-> request: /v1/api/tickle
-> GET /v1/api/tickle,200|301ms
-> request: /v1/api/tickle
-> GET /v1/api/tickle,200|1610ms
-> request: /v1/api/tickle
-> GET /v1/api/tickle,200|267ms
-> request: /sso/ping
-> GET /sso/ping,200|277ms
-> request: /v1/api/tickle
-> GET /v1/api/tickle,200|1349ms
-> request: /v1/api/tickle
-> GET /v1/api/tickle,200|314ms
-> request: /v1/api/tickle
-> GET /v1/api/tickle,200|627ms
-> request: /v1/api/tickle
-> GET /v1/api/tickle,200|309ms
-> request: /v1/api/tickle
-> GET /v1/api/tickle,200|317ms
-> request: /v1/api/tickle
-> GET /v1/api/tickle,200|1118ms
-> request: /v1/api/tickle
-> GET /v1/api/tickle,200|312ms
-> request: /v1/api/tickle
-> GET /v1/api/tickle,200|611ms
-> request: /v1/api/tickle
-> GET /v1/api/tickle,200|293ms
-> request: /v1/api/tickle
-> GET /v1/api/tickle,200|429ms
-> request: /sso/ping
-> GET /sso/ping,200|584ms
-> request: /v1/api/tickle
-> GET /v1/api/tickle,200|440ms
-> request: /v1/api/tickle
-> GET /v1/api/tickle,200|890ms
-> request: /v1/api/tickle
-> GET /v1/api/tickle,200|367ms
-> request: /v1/api/tickle
-> GET /v1/api/tickle,200|283ms
-> request: /v1/api/tickle
-> GET /v1/api/tickle,200|2255ms
-> request: /v1/api/tickle
-> GET /v1/api/tickle,200|439ms
-> request: /v1/api/tickle
-> GET /v1/api/tickle,200|2256ms
-> request: /v1/api/tickle
-> GET /v1/api/tickle,200|318ms
-> request: /v1/api/tickle
-> GET /v1/api/tickle,200|370ms
-> request: /v1/api/tickle
-> GET /v1/api/tickle,200|344ms
-> request: /sso/ping
-> GET /sso/ping,200|311ms
-> request: /v1/api/tickle
-> GET /v1/api/tickle,200|343ms
-> request: /v1/api/tickle
-> GET /v1/api/tickle,200|290ms
-> request: /v1/api/tickle
-> GET /v1/api/tickle,200|274ms
-> request: /v1/api/tickle
-> GET /v1/api/tickle,200|305ms
-> request: /v1/api/tickle
-> GET /v1/api/tickle,200|260ms
-> request: /v1/api/tickle
-> GET /v1/api/tickle,200|273ms
-> request: /v1/api/tickle
-> GET /v1/api/tickle,200|301ms
-> request: /v1/api/tickle
-> GET /v1/api/tickle,200|260ms
-> request: /v1/api/tickle
-> GET /v1/api/tickle,200|260ms
-> request: /v1/api/tickle
-> GET /v1/api/tickle,200|276ms
-> request: /sso/ping
-> GET /sso/ping,200|258ms
-> request: /v1/api/tickle
-> GET /v1/api/tickle,200|447ms
-> request: /v1/api/tickle
-> GET /v1/api/tickle,200|266ms
-> request: /v1/api/tickle
-> GET /v1/api/tickle,200|266ms
-> request: /v1/api/tickle
-> GET /v1/api/tickle,200|273ms
-> request: /v1/api/tickle
-> GET /v1/api/tickle,200|270ms
-> request: /v1/api/tickle
-> GET /v1/api/tickle,200|266ms
-> request: /v1/api/tickle
-> GET /v1/api/tickle,200|256ms
-> request: /v1/api/tickle
-> GET /v1/api/tickle,200|259ms
-> request: /v1/api/tickle
-> GET /v1/api/tickle,200|287ms
-> request: /v1/api/tickle
-> GET /v1/api/tickle,200|393ms
-> request: /sso/ping
-> GET /sso/ping,200|292ms
-> request: /v1/api/tickle
-> GET /v1/api/tickle,200|269ms
-> request: /v1/api/tickle
-> GET /v1/api/tickle,200|386ms
-> request: /v1/api/tickle
-> GET /v1/api/tickle,200|303ms
-> request: /v1/api/tickle
-> GET /v1/api/tickle,200|275ms
-> request: /v1/api/tickle
-> GET /v1/api/tickle,200|279ms
-> request: /v1/api/tickle
-> GET /v1/api/tickle,200|294ms
-> request: /v1/api/tickle
-> GET /v1/api/tickle,200|320ms
-> request: /v1/api/tickle
-> GET /v1/api/tickle,200|268ms
-> request: /v1/api/tickle
-> GET /v1/api/tickle,200|278ms
-> request: /v1/api/tickle
-> GET /v1/api/tickle,200|286ms
-> request: /sso/ping
-> GET /sso/ping,200|1386ms
-> request: /v1/api/tickle
-> GET /v1/api/tickle,200|285ms
-> request: /v1/api/tickle
-> GET /v1/api/tickle,200|542ms
-> request: /v1/api/tickle
-> GET /v1/api/tickle,200|375ms
-> request: /v1/api/tickle
-> GET /v1/api/tickle,200|267ms
-> request: /v1/api/tickle
-> GET /v1/api/tickle,200|266ms
